# Preference setting overrides
gui_create_pref_key -category {Globals} -key {load_detail_for_funcov} -value_type {bool} -value {false}
gui_create_pref_category -category {schem_obj_name}
gui_create_pref_key -category {schem_obj_name} -key {show_cell_and_pin_with_symbol_name} -value_type {bool} -value {false}
gui_create_pref_key -category {schem_pin_hc} -key {textExtFont} -value_type {string} -value {Helvetica,10,-1,5,50,0,0,0,0,0}

# State setting overrides
gui_state_default_create -off -ini
gui_set_state_value -category Globals -key recent_databases -value {{gui_open_db -file filter_generic.vpd} {gui_open_db -file inter.vpd}}
gui_set_state_value -category Globals -key recent_sessions -value {{gui_load_session -ignore_errors -file /home/vlsilab/Shivang_DFT/4bitCounter/DVEfiles/dve_checkpoint_23973_7.tcl} {gui_load_session -ignore_errors -file /home/vlsilab/Shivang_DFT/4bitCounter/DVEfiles/dve_checkpoint_23973_6.tcl} {gui_load_session -ignore_errors -file /home/vlsilab/Shivang_DFT/4bitCounter/DVEfiles/dve_checkpoint_23973_5.tcl} {gui_load_session -ignore_errors -file /home/vlsilab/Shivang_DFT/4bitCounter/DVEfiles/dve_checkpoint_23973_4.tcl} {gui_load_session -ignore_errors -file /home/vlsilab/Shivang_DFT/4bitCounter/DVEfiles/dve_checkpoint_23973_3.tcl}}
gui_set_state_value -category Layout -key child_console_size_x -value 1919
gui_set_state_value -category Layout -key child_console_size_y -value 251
gui_set_state_value -category Layout -key child_data_size_x -value 258
gui_set_state_value -category Layout -key child_data_size_y -value 683
gui_set_state_value -category Layout -key child_driver_size_x -value 1623
gui_set_state_value -category Layout -key child_driver_size_y -value 255
gui_set_state_value -category Layout -key child_hier_col3 -value {-1}
gui_set_state_value -category Layout -key child_hier_colhier -value 153
gui_set_state_value -category Layout -key child_hier_colpd -value 0
gui_set_state_value -category Layout -key child_hier_coltype -value 107
gui_set_state_value -category Layout -key child_hier_size_x -value 255
gui_set_state_value -category Layout -key child_hier_size_y -value 683
gui_set_state_value -category Layout -key child_hier_sort_order -value 1
gui_set_state_value -category Layout -key child_schematic_docknewline -value false
gui_set_state_value -category Layout -key child_schematic_pos_x -value {-2}
gui_set_state_value -category Layout -key child_schematic_pos_y -value {-15}
gui_set_state_value -category Layout -key child_schematic_size_x -value 1385
gui_set_state_value -category Layout -key child_schematic_size_y -value 503
gui_set_state_value -category Layout -key child_source_docknewline -value false
gui_set_state_value -category Layout -key child_source_pos_x -value {-2}
gui_set_state_value -category Layout -key child_source_pos_y -value {-15}
gui_set_state_value -category Layout -key child_source_size_x -value 1409
gui_set_state_value -category Layout -key child_source_size_y -value 678
gui_set_state_value -category Layout -key child_watch_size_x -value 1409
gui_set_state_value -category Layout -key child_watch_size_y -value 281
gui_set_state_value -category Layout -key child_wave_colname -value 276
gui_set_state_value -category Layout -key child_wave_colvalue -value 276
gui_set_state_value -category Layout -key child_wave_left -value 557
gui_set_state_value -category Layout -key child_wave_right -value 1357
gui_set_state_value -category Layout -key main_pos_x -value 1
gui_set_state_value -category Layout -key main_pos_y -value 38
gui_set_state_value -category Layout -key main_size_x -value 1920
gui_set_state_value -category Layout -key main_size_y -value 1053
gui_set_state_value -category Layout -key stand_wave_child_docknewline -value false
gui_set_state_value -category Layout -key stand_wave_child_pos_x -value {-2}
gui_set_state_value -category Layout -key stand_wave_child_pos_y -value {-15}
gui_set_state_value -category Layout -key stand_wave_child_size_x -value 1924
gui_set_state_value -category Layout -key stand_wave_child_size_y -value 929
gui_set_state_value -category Layout -key stand_wave_top_pos_x -value 43
gui_set_state_value -category Layout -key stand_wave_top_pos_y -value 122
gui_set_state_value -category Layout -key stand_wave_top_size_x -value 1962
gui_set_state_value -category Layout -key stand_wave_top_size_y -value 1137
gui_create_state_key -category FindDialog -key m_pMatchCase -value_type bool -value false
gui_create_state_key -category FindDialog -key m_pMatchWord -value_type bool -value false
gui_create_state_key -category FindDialog -key m_pUseCombo -value_type string -value {}
gui_create_state_key -category FindDialog -key m_pWrapAround -value_type bool -value true
gui_create_state_key -category SearchDialog -key MatchCase -value_type bool -value false
gui_create_state_key -category SearchDialog -key MatchWord -value_type bool -value true
gui_create_state_key -category SearchDialog -key SearchMode -value_type string -value Wildcards
gui_create_state_key -category SearchDialog -key UseCombo -value_type bool -value true
gui_create_state_key -category Widget_History -key {TopLevel.1|qt_left_dock|DockWnd1|HSPane.1|pages|Hier.1|hbox1|Scope Explore} -value_type string -value {AND2X1 SR_ff_test SR_ff_test.dut.q_reg}
gui_create_state_key -category Widget_History -key TopLevel.1|qt_left_dock|DockWnd1|HSPane.1|pages|Hier.1|hbox|textfilter -value_type string -value {*sr* *sr *r sr*}
gui_create_state_key -category Widget_History -key TopLevel.1|qt_left_dock|DockWnd2|DLPane.1|pages|Data.1|hbox|textfilter -value_type string -value {cur* curr* stmt* q*}
gui_state_default_create -off

# Begin command logging
gui_open_db -file filter_generic.vpd
gui_list_set_filter -id Hier.1 -reset
gui_list_set_filter -id Hier.1 -text {*RISC*}
gui_list_select -id Hier.1 -current_item_name Risc_16_bit_test -current_item_type Scope  -selected  { Risc_16_bit_test   }
gui_list_select -id Data.1 -selected  { {Risc_16_bit_test.start_pat[31:0]}   }
gui_list_select -id Data.1 -selected  { {Risc_16_bit_test.start_pat[31:0]}  {Risc_16_bit_test.cur_pat[31:0]}   }
gui_list_select -id Data.1 -selected  { {Risc_16_bit_test.start_pat[31:0]}  {Risc_16_bit_test.cur_pat[31:0]}  {Risc_16_bit_test.cur_StmtName[0:1599]}   }
gui_open_window Wave
gui_list_add -id Wave.1 -from Data.1 { {Risc_16_bit_test.cur_pat[31:0]} {Risc_16_bit_test.start_pat[31:0]} {Risc_16_bit_test.cur_StmtName[0:1599]} } -insertionbar
gui_wv_zoom_timerange -id  Wave.1 0 445
gui_list_select -id Wave.1 -selected  { {Risc_16_bit_test.cur_StmtName[0:1599]}   }
gui_list_set_selected_property -id Wave.1 -radix ascii
gui_zoom -window Wave.1 -factor 2
gui_zoom -window Wave.1 -full
gui_list_expand -id  Hier.1   Risc_16_bit_test
gui_list_select -id Hier.1 -current_item_name Risc_16_bit_test.dut -current_item_type Scope  -selected  { Risc_16_bit_test.dut   }
gui_list_select -id Data.1 -selected  { Risc_16_bit_test.dut.clk   }
gui_list_select -id Data.1 -selected  { Risc_16_bit_test.dut.clk  Risc_16_bit_test.dut.TEST_SE   }
gui_list_select -id Data.1 -selected  { Risc_16_bit_test.dut.clk  Risc_16_bit_test.dut.TEST_SE  Risc_16_bit_test.dut.TEST_SI   }
gui_list_select -id Data.1 -selected  { Risc_16_bit_test.dut.clk  Risc_16_bit_test.dut.TEST_SE  Risc_16_bit_test.dut.TEST_SI  Risc_16_bit_test.dut.TEST_SO   }
gui_list_add -id Wave.1 -from Data.1 { Risc_16_bit_test.dut.clk Risc_16_bit_test.dut.TEST_SI Risc_16_bit_test.dut.TEST_SE Risc_16_bit_test.dut.TEST_SO } -insertionbar
gui_zoom -window Wave.1 -full
gui_zoom -window Wave.1 -full
gui_zoom -window Wave.1 -factor 2
gui_zoom -window Wave.1 -factor 2
gui_zoom -window Wave.1 -factor 2
gui_zoom -window Wave.1 -factor 2
gui_zoom -window Wave.1 -factor 2
gui_zoom -window Wave.1 -full
gui_zoom -window Wave.1 -factor 2
gui_zoom -window Wave.1 -factor 2
gui_zoom -window Wave.1 -factor 2
gui_zoom -window Wave.1 -factor 2
gui_wv_scroll_hslidermove -id  Wave.1 0
gui_marker_move -id  Wave.1 C1 398154
gui_marker_select -id  Wave.1 { C1 }
gui_marker_move -id  Wave.1 C1 1178235
#gui_exit

