set ucliGUI::state
set ucliGUI::state
ucliCore::getToolPID
synopsys::env hasTB
trigger_hier_stack_context_switch 0
synUtils::setDVEInitPhase 1
synopsys::dump -type VPD -file /home/vlsilab/sagar_harsh_soham/RISC/VCS/inter.vpd -locking
synopsys::dump -autoflush on -fid VPD0
set ::dve_fid VPD0
synUtils::setDVEInitPhase 0
ucliCore::getToolPID
synUtils::sendTool -active _icl_setToolSocket /tmp/smlnpt0GlSw
synUtils::sendTool -active {_icl_start_rpc -version "T-2022.06-SP2-6_Full64" -sync_file /tmp/vcs_dve_rpc.vlsilab.70501}
synUtils::sendTool -active {_icl_createSharedMemory /tmp/vcs_dve_general.vlsilab.70501}
config endofsim noexit
config onfail enable all
config syscaddplainmembers
config syscaddsourcenames
config syscaddstructtypes
synopsys::listing -disable
if [catch {gui_sim_terminate}] {gui_sim_terminate -kill}
synopsys::finish
set ucliGUI::state
set ucliGUI::state
ucli_exit
