# Preference setting overrides
gui_create_pref_key -category {Globals} -key {load_detail_for_funcov} -value_type {bool} -value {false}
gui_create_pref_category -category {schem_obj_name}
gui_create_pref_key -category {schem_obj_name} -key {show_cell_and_pin_with_symbol_name} -value_type {bool} -value {false}
gui_create_pref_key -category {schem_pin_hc} -key {textExtFont} -value_type {string} -value {Helvetica,10,-1,5,50,0,0,0,0,0}

# State setting overrides
gui_state_default_create -off -ini
gui_set_state_value -category Globals -key recent_databases -value {{gui_open_db -file filter_generic.vpd} {gui_open_db -file inter.vpd}}
gui_set_state_value -category Globals -key recent_sessions -value {{gui_load_session -ignore_errors -file /home/vlsilab/Shivang_DFT/4bitCounter/DVEfiles/dve_checkpoint_23973_7.tcl} {gui_load_session -ignore_errors -file /home/vlsilab/Shivang_DFT/4bitCounter/DVEfiles/dve_checkpoint_23973_6.tcl} {gui_load_session -ignore_errors -file /home/vlsilab/Shivang_DFT/4bitCounter/DVEfiles/dve_checkpoint_23973_5.tcl} {gui_load_session -ignore_errors -file /home/vlsilab/Shivang_DFT/4bitCounter/DVEfiles/dve_checkpoint_23973_4.tcl} {gui_load_session -ignore_errors -file /home/vlsilab/Shivang_DFT/4bitCounter/DVEfiles/dve_checkpoint_23973_3.tcl}}
gui_set_state_value -category Layout -key child_console_size_x -value 1919
gui_set_state_value -category Layout -key child_console_size_y -value 245
gui_set_state_value -category Layout -key child_data_size_x -value 252
gui_set_state_value -category Layout -key child_data_size_y -value 689
gui_set_state_value -category Layout -key child_driver_size_x -value 1623
gui_set_state_value -category Layout -key child_driver_size_y -value 255
gui_set_state_value -category Layout -key child_hier_col3 -value {-1}
gui_set_state_value -category Layout -key child_hier_colhier -value 153
gui_set_state_value -category Layout -key child_hier_colpd -value 0
gui_set_state_value -category Layout -key child_hier_coltype -value 107
gui_set_state_value -category Layout -key child_hier_size_x -value 249
gui_set_state_value -category Layout -key child_hier_size_y -value 689
gui_set_state_value -category Layout -key child_hier_sort_order -value 1
gui_set_state_value -category Layout -key child_schematic_docknewline -value false
gui_set_state_value -category Layout -key child_schematic_pos_x -value {-2}
gui_set_state_value -category Layout -key child_schematic_pos_y -value {-15}
gui_set_state_value -category Layout -key child_schematic_size_x -value 1385
gui_set_state_value -category Layout -key child_schematic_size_y -value 503
gui_set_state_value -category Layout -key child_source_docknewline -value false
gui_set_state_value -category Layout -key child_source_pos_x -value {-2}
gui_set_state_value -category Layout -key child_source_pos_y -value {-15}
gui_set_state_value -category Layout -key child_source_size_x -value 1421
gui_set_state_value -category Layout -key child_source_size_y -value 684
gui_set_state_value -category Layout -key child_watch_size_x -value 1409
gui_set_state_value -category Layout -key child_watch_size_y -value 281
gui_set_state_value -category Layout -key child_wave_colname -value 276
gui_set_state_value -category Layout -key child_wave_colvalue -value 276
gui_set_state_value -category Layout -key child_wave_left -value 557
gui_set_state_value -category Layout -key child_wave_right -value 1357
gui_set_state_value -category Layout -key main_pos_x -value 1
gui_set_state_value -category Layout -key main_pos_y -value 38
gui_set_state_value -category Layout -key main_size_x -value 1920
gui_set_state_value -category Layout -key main_size_y -value 1053
gui_set_state_value -category Layout -key stand_wave_child_docknewline -value false
gui_set_state_value -category Layout -key stand_wave_child_pos_x -value {-2}
gui_set_state_value -category Layout -key stand_wave_child_pos_y -value {-15}
gui_set_state_value -category Layout -key stand_wave_child_size_x -value 1924
gui_set_state_value -category Layout -key stand_wave_child_size_y -value 929
gui_set_state_value -category Layout -key stand_wave_top_pos_x -value 1
gui_set_state_value -category Layout -key stand_wave_top_pos_y -value 38
gui_set_state_value -category Layout -key stand_wave_top_size_x -value 1920
gui_set_state_value -category Layout -key stand_wave_top_size_y -value 1053
gui_create_state_key -category FindDialog -key m_pMatchCase -value_type bool -value false
gui_create_state_key -category FindDialog -key m_pMatchWord -value_type bool -value false
gui_create_state_key -category FindDialog -key m_pUseCombo -value_type string -value {}
gui_create_state_key -category FindDialog -key m_pWrapAround -value_type bool -value true
gui_create_state_key -category SearchDialog -key MatchCase -value_type bool -value false
gui_create_state_key -category SearchDialog -key MatchWord -value_type bool -value true
gui_create_state_key -category SearchDialog -key SearchMode -value_type string -value Wildcards
gui_create_state_key -category SearchDialog -key UseCombo -value_type bool -value true
gui_create_state_key -category Widget_History -key {TopLevel.1|qt_left_dock|DockWnd1|HSPane.1|pages|Hier.1|hbox1|Scope Explore} -value_type string -value {AND2X2 AND2X1 SR_ff_test SR_ff_test.dut.q_reg}
gui_create_state_key -category Widget_History -key TopLevel.1|qt_left_dock|DockWnd1|HSPane.1|pages|Hier.1|hbox|textfilter -value_type string -value {*SIMD* *counter* RISC *sr*}
gui_create_state_key -category Widget_History -key TopLevel.1|qt_left_dock|DockWnd2|DLPane.1|pages|Data.1|hbox|textfilter -value_type string -value {cur* curr* stmt* q*}
gui_state_default_create -off

# Begin command logging
gui_sim_run Ucli -exe ./i2c -args {-ucligui  } -dir .
gui_list_expand -id  Hier.1   Risc_16_bit
gui_list_collapse -id  Hier.1   Risc_16_bit
