11:06:02    16 -->                                                             [tcl] ucliGUI::connect -toolargs -ucligui -toolexe ./i2c -pid 70501 -toolin /tmp/vcs_20240224053600_70500_vlsilab..stdin -toolout /tmp/vcs_20240224053600_70500_vlsilab..stdout  
11:06:02    17 -->                                                                 [tcl] set ucliGUI::state
11:06:02    18 -->                                                                     [tcl] set ucliGUI::state
11:06:02    19 -->                                                                         [tcl] ucliCore::getToolPID
11:06:02    20 -->                                                                             [tcl] synopsys::env hasTB
11:06:02    21 -->                                                                                 [tcl] trigger_hier_stack_context_switch 0
11:06:02    22 -->                                                                                     [tcl] synUtils::setDVEInitPhase 1
11:06:02    23 -->                                                                                         [tcl] gui_get_env SIMSETUP::SIMVPD
11:06:02    24 -->                                                                                             [tcl] synopsys::dump -type VPD -file /home/vlsilab/sagar_harsh_soham/RISC/VCS/inter.vpd -locking
11:06:02    25 --> ...  [tcl] synopsys::dump -autoflush on -fid VPD0
11:06:02    26 --> ...      [tcl] set ::dve_fid VPD0
11:06:02    27 --> ...          [tcl] synUtils::setDVEInitPhase 0
11:06:02    28 --> ...              [tcl] ucliCore::getToolPID
11:06:02    29 --> ...                  [tcl] synUtils::sendTool -active _icl_setToolSocket /tmp/smlnpt0GlSw
11:06:02    30 --> ...                      [tcl] synUtils::sendTool -active {_icl_start_rpc -version "T-2022.06-SP2-6_Full64" -sync_file /tmp/vcs_dve_rpc.vlsilab.70501}
11:06:02    31 --> ...                          [tcl] synUtils::sendTool -active {_icl_createSharedMemory /tmp/vcs_dve_general.vlsilab.70501}
11:06:02    32 --> ...                              [tcl] dveMisc::vbusExpand Risc_16_bit
11:06:02    33 --> ...                                  [tcl] config endofsim noexit
11:06:02    34 --> ...                                      [tcl] config onfail enable all
11:06:02    35 --> ...                                          [tcl] config syscaddplainmembers
11:06:02    36 --> ...                                              [tcl] config syscaddsourcenames
11:06:02    37 --> ...                                                  [tcl] config syscaddstructtypes
11:06:02    38 --> ...                                                      [tcl] synopsys::listing -disable
11:06:14    39 --> ...                                                          [tcl] if [catch {gui_sim_terminate}] {gui_sim_terminate -kill}
11:06:14    40 --> ...                                                              [tcl] synopsys::finish
11:06:14    41 --> ...                                                                  [tcl] set ucliGUI::state
11:06:14    42 --> ...                                                                      [tcl] gui_update_simulator_buttons
11:06:14    43 --> ...                                                                          [tcl] set ucliGUI::state
11:06:14    44 --> ...                                                                              [tcl] catch {senv activeDomain} dveMisc::result 
11:06:14    45 --> ...                                                                                  [tcl] set dveMisc::result
11:06:14    46 --> ...                                                                                      [tcl] gui_update_simulator_buttons
11:06:14    47 --> ...                                                                                          [tcl] catch {senv activeDomain} dveMisc::result 
11:06:14    48 --> ...                                                                                              [tcl] set dveMisc::result
11:06:14    49 --> ...                                                                                                  [tcl] ucli_exit
