Command: /home/vlsilab/sagar_harsh_soham/RISC/symbolic_links/./simv -ucli -i top.ucli -l post_syn.log +tmax_parallel=7 +define_tmax_usf_debug_strobe_mode=1
Chronologic VCS simulator copyright 1991-2022
Contains Synopsys proprietary information.
Compiler version T-2022.06-SP2-6_Full64; Runtime version T-2022.06-SP2-6_Full64;  Apr 14 13:45 2024
----------------------------------------------------------------
UVM-1.1d.Synopsys
(C) 2007-2013 Mentor Graphics Corporation
(C) 2007-2013 Cadence Design Systems, Inc.
(C) 2006-2013 Synopsys, Inc.
(C) 2011-2013 Cypress Semiconductor Corp.
----------------------------------------------------------------

  ***********       IMPORTANT RELEASE NOTES         ************

  You are using a version of the UVM library that has been compiled
  with `UVM_NO_DEPRECATED undefined.
  See http://www.eda.org/svdb/view.php?id=3313 for more details.

  You are using a version of the UVM library that has been compiled
  with `UVM_OBJECT_MUST_HAVE_CONSTRUCTOR undefined.
  See http://www.eda.org/svdb/view.php?id=3770 for more details.

      (Specify +UVM_NO_RELNOTES to turn off this notice)

ucli% #dump -file filter_generic.vpd -type VPD
ucli% #dump -add . -depth 0
ucli% #-depth 0
ucli% #dump 0 SR_ff_test 
ucli% #add . -depth 0
ucli% #dump -filter=Parameter
ucli% #dump -showfilter
ucli% fsdbDumpfile wavefrom.fsdb
*Verdi* Loading libsscore_vcs202206.so
FSDB Dumper for VCS, Release Verdi_T-2022.06-SP2-8, Linux x86_64/64bit, 11/23/2023
(C) 1996 - 2023 by Synopsys, Inc.
*Verdi* FSDB WARNING: The FSDB file already exists. Overwriting the FSDB file may crash the programs that are using this file.
*Verdi* : Create FSDB file 'wavefrom.fsdb'
ucli% fsdbDumpvars 0 Risc_16_bit_test
*Verdi* : Begin traversing the scope (Risc_16_bit_test), layer (0).
*Verdi* : End of traversing.
ucli% fsdbDumpon
*Verdi* : fsdbDumpon - All FSDB files at 0 fs.
ucli% run
#############################################################################
 MAX TB Version U-2022.12-SP7
 Test Protocol File generated from original file "PATTERNS/STIL/Risc_16_bit_SA_Internal_scan_500.stil.gz"
 STIL file version: 1.0
#############################################################################

XTB: Reading test data file "/home/vlsilab/sagar_harsh_soham/RISC/ATPG/PATTERNS/MAXTB/Risc_16_bit_SA_Internal_scan_parallel_max_tb.dat" 
XTB: Total number of patterns  69
XTB: Setting runtime option "tmax_parallel" to 7.
XTB: Enabling parallel simulation with 7 serial shift(s).
XTB: Setting compile-time option "tmax_msg" to 4.
XTB: Starting parallel simulation of 69 patterns
XTB: Using 7 serial shifts
XTB Warning: serial shifts (7) equals or exceeds max chain length (6). Performing full serial scan... 
XTB: Processed statement: WFTStmt
XTB: Processed statement: ConditionStmt
XTB: Starting generic test_setup Macro..., T=0.00 ns, V=1
XTB: Processed statement: GenTestSetupStmt
XTB: Processed statement: WFTStmt
XTB: Processed statement: ConditionStmt
XTB: Starting V# 1 at time 0.00 ns
XTB: Processed statement: VectorStmt
XTB: Starting V# 2 at time 100.00 ns
XTB: Processed statement: VectorStmt
XTB: End of generic test_setup Macro.
XTB: Processed statement: EndGenTestSetupStmt
XTB: Processed statement: SetForceSI
XTB: Processed statement: SetPat
XTB: Starting proc load_unload..., T=200.00 ns, V=3
XTB: Begin serial scan load for pattern 0 (T=200.00 ns, V=3)
XTB: Starting V# 3 at time 200.00 ns
XTB: shift 0, at 300.00 ns 
XTB: Starting V# 4 at time 300.00 ns
XTB: shift 1, at 400.00 ns 
XTB: Starting V# 5 at time 400.00 ns
XTB: shift 2, at 500.00 ns 
XTB: Starting V# 6 at time 500.00 ns
XTB: shift 3, at 600.00 ns 
XTB: Starting V# 7 at time 600.00 ns
XTB: shift 4, at 700.00 ns 
XTB: Starting V# 8 at time 700.00 ns
XTB: shift 5, at 800.00 ns 
XTB: Starting V# 9 at time 800.00 ns
XTB: Processed statement: load_unloadStmt
XTB: Starting proc multiclock_capture..., T=900.00 ns, V=10
XTB: Starting V# 10 at time 900.00 ns
XTB: Processed statement: multiclock_captureStmt
XTB: Processed statement: SetForceSI
XTB: Processed statement: IncPat
XTB: Starting proc load_unload..., T=1000.00 ns, V=11
XTB: Starting V# 11 at time 1000.00 ns
XTB: shift 0, at 1100.00 ns 
XTB: Starting V# 12 at time 1100.00 ns
XTB: shift 1, at 1200.00 ns 
XTB: Starting V# 13 at time 1200.00 ns
XTB: shift 2, at 1300.00 ns 
XTB: Starting V# 14 at time 1300.00 ns
XTB: shift 3, at 1400.00 ns 
XTB: Starting V# 15 at time 1400.00 ns
XTB: shift 4, at 1500.00 ns 
XTB: Starting V# 16 at time 1500.00 ns
XTB: shift 5, at 1600.00 ns 
XTB: Starting V# 17 at time 1600.00 ns
XTB: Processed statement: load_unloadStmt
XTB: Starting proc allclock_launch..., T=1700.00 ns, V=18
XTB: Starting V# 18 at time 1700.00 ns
XTB: Processed statement: allclock_launchStmt
XTB: Starting proc allclock_capture..., T=1800.00 ns, V=19
XTB: Starting V# 19 at time 1800.00 ns
XTB: Processed statement: allclock_captureStmt
XTB: Processed statement: IncPat
XTB: Starting proc load_unload..., T=1900.00 ns, V=20
XTB: Starting V# 20 at time 1900.00 ns
XTB: shift 0, at 2000.00 ns 
XTB: Starting V# 21 at time 2000.00 ns
XTB: shift 1, at 2100.00 ns 
XTB: Starting V# 22 at time 2100.00 ns
XTB: shift 2, at 2200.00 ns 
XTB: Starting V# 23 at time 2200.00 ns
XTB: shift 3, at 2300.00 ns 
XTB: Starting V# 24 at time 2300.00 ns
XTB: shift 4, at 2400.00 ns 
XTB: Starting V# 25 at time 2400.00 ns
XTB: shift 5, at 2500.00 ns 
XTB: Starting V# 26 at time 2500.00 ns
XTB: Processed statement: load_unloadStmt
XTB: Starting proc allclock_launch..., T=2600.00 ns, V=27
XTB: Starting V# 27 at time 2600.00 ns
XTB: Processed statement: allclock_launchStmt
XTB: Starting proc allclock_capture..., T=2700.00 ns, V=28
XTB: Starting V# 28 at time 2700.00 ns
XTB: Processed statement: allclock_captureStmt
XTB: Processed statement: IncPat
XTB: Starting proc load_unload..., T=2800.00 ns, V=29
XTB: Starting V# 29 at time 2800.00 ns
XTB: shift 0, at 2900.00 ns 
XTB: Starting V# 30 at time 2900.00 ns
XTB: shift 1, at 3000.00 ns 
XTB: Starting V# 31 at time 3000.00 ns
XTB: shift 2, at 3100.00 ns 
XTB: Starting V# 32 at time 3100.00 ns
XTB: shift 3, at 3200.00 ns 
XTB: Starting V# 33 at time 3200.00 ns
XTB: shift 4, at 3300.00 ns 
XTB: Starting V# 34 at time 3300.00 ns
XTB: shift 5, at 3400.00 ns 
XTB: Starting V# 35 at time 3400.00 ns
XTB: Processed statement: load_unloadStmt
XTB: Starting proc allclock_launch..., T=3500.00 ns, V=36
XTB: Starting V# 36 at time 3500.00 ns
XTB: Processed statement: allclock_launchStmt
XTB: Starting proc allclock_capture..., T=3600.00 ns, V=37
XTB: Starting V# 37 at time 3600.00 ns
XTB: Processed statement: allclock_captureStmt
XTB: Processed statement: IncPat
XTB: Starting proc load_unload..., T=3700.00 ns, V=38
XTB: Starting V# 38 at time 3700.00 ns
XTB: shift 0, at 3800.00 ns 
XTB: Starting V# 39 at time 3800.00 ns
XTB: shift 1, at 3900.00 ns 
XTB: Starting V# 40 at time 3900.00 ns
XTB: shift 2, at 4000.00 ns 
XTB: Starting V# 41 at time 4000.00 ns
XTB: shift 3, at 4100.00 ns 
XTB: Starting V# 42 at time 4100.00 ns
XTB: shift 4, at 4200.00 ns 
XTB: Starting V# 43 at time 4200.00 ns
XTB: shift 5, at 4300.00 ns 
XTB: Starting V# 44 at time 4300.00 ns
XTB: Processed statement: load_unloadStmt
XTB: Starting proc allclock_launch..., T=4400.00 ns, V=45
XTB: Starting V# 45 at time 4400.00 ns
XTB: Processed statement: allclock_launchStmt
XTB: Starting proc allclock_capture..., T=4500.00 ns, V=46
XTB: Starting V# 46 at time 4500.00 ns
XTB: Processed statement: allclock_captureStmt
XTB: Processed statement: IncPat
XTB: Starting proc load_unload..., T=4600.00 ns, V=47
XTB: Begin serial scan load for pattern 5 (T=4600.00 ns, V=47)
XTB: Starting V# 47 at time 4600.00 ns
XTB: shift 0, at 4700.00 ns 
XTB: Starting V# 48 at time 4700.00 ns
XTB: shift 1, at 4800.00 ns 
XTB: Starting V# 49 at time 4800.00 ns
XTB: shift 2, at 4900.00 ns 
XTB: Starting V# 50 at time 4900.00 ns
XTB: shift 3, at 5000.00 ns 
XTB: Starting V# 51 at time 5000.00 ns
XTB: shift 4, at 5100.00 ns 
XTB: Starting V# 52 at time 5100.00 ns
XTB: shift 5, at 5200.00 ns 
XTB: Starting V# 53 at time 5200.00 ns
XTB: Processed statement: load_unloadStmt
XTB: Starting proc allclock_launch..., T=5300.00 ns, V=54
XTB: Starting V# 54 at time 5300.00 ns
XTB: Processed statement: allclock_launchStmt
XTB: Starting proc allclock_capture..., T=5400.00 ns, V=55
XTB: Starting V# 55 at time 5400.00 ns
XTB: Processed statement: allclock_captureStmt
XTB: Processed statement: IncPat
XTB: Starting proc load_unload..., T=5500.00 ns, V=56
XTB: Starting V# 56 at time 5500.00 ns
XTB: shift 0, at 5600.00 ns 
XTB: Starting V# 57 at time 5600.00 ns
XTB: shift 1, at 5700.00 ns 
XTB: Starting V# 58 at time 5700.00 ns
XTB: shift 2, at 5800.00 ns 
XTB: Starting V# 59 at time 5800.00 ns
XTB: shift 3, at 5900.00 ns 
XTB: Starting V# 60 at time 5900.00 ns
XTB: shift 4, at 6000.00 ns 
XTB: Starting V# 61 at time 6000.00 ns
XTB: shift 5, at 6100.00 ns 
XTB: Starting V# 62 at time 6100.00 ns
XTB: Processed statement: load_unloadStmt
XTB: Starting proc allclock_launch..., T=6200.00 ns, V=63
XTB: Starting V# 63 at time 6200.00 ns
XTB: Processed statement: allclock_launchStmt
XTB: Starting proc allclock_capture..., T=6300.00 ns, V=64
XTB: Starting V# 64 at time 6300.00 ns
XTB: Processed statement: allclock_captureStmt
XTB: Processed statement: IncPat
XTB: Starting proc load_unload..., T=6400.00 ns, V=65
XTB: Starting V# 65 at time 6400.00 ns
XTB: shift 0, at 6500.00 ns 
XTB: Starting V# 66 at time 6500.00 ns
XTB: shift 1, at 6600.00 ns 
XTB: Starting V# 67 at time 6600.00 ns
XTB: shift 2, at 6700.00 ns 
XTB: Starting V# 68 at time 6700.00 ns
XTB: shift 3, at 6800.00 ns 
XTB: Starting V# 69 at time 6800.00 ns
XTB: shift 4, at 6900.00 ns 
XTB: Starting V# 70 at time 6900.00 ns
XTB: shift 5, at 7000.00 ns 
XTB: Starting V# 71 at time 7000.00 ns
XTB: Processed statement: load_unloadStmt
XTB: Starting proc allclock_launch..., T=7100.00 ns, V=72
XTB: Starting V# 72 at time 7100.00 ns
XTB: Processed statement: allclock_launchStmt
XTB: Starting proc allclock_capture..., T=7200.00 ns, V=73
XTB: Starting V# 73 at time 7200.00 ns
XTB: Processed statement: allclock_captureStmt
XTB: Processed statement: IncPat
XTB: Starting proc load_unload..., T=7300.00 ns, V=74
XTB: Starting V# 74 at time 7300.00 ns
XTB: shift 0, at 7400.00 ns 
XTB: Starting V# 75 at time 7400.00 ns
XTB: shift 1, at 7500.00 ns 
XTB: Starting V# 76 at time 7500.00 ns
XTB: shift 2, at 7600.00 ns 
XTB: Starting V# 77 at time 7600.00 ns
XTB: shift 3, at 7700.00 ns 
XTB: Starting V# 78 at time 7700.00 ns
XTB: shift 4, at 7800.00 ns 
XTB: Starting V# 79 at time 7800.00 ns
XTB: shift 5, at 7900.00 ns 
XTB: Starting V# 80 at time 7900.00 ns
XTB: Processed statement: load_unloadStmt
XTB: Starting proc allclock_launch..., T=8000.00 ns, V=81
XTB: Starting V# 81 at time 8000.00 ns
XTB: Processed statement: allclock_launchStmt
XTB: Starting proc allclock_capture..., T=8100.00 ns, V=82
XTB: Starting V# 82 at time 8100.00 ns
XTB: Processed statement: allclock_captureStmt
XTB: Processed statement: IncPat
XTB: Starting proc load_unload..., T=8200.00 ns, V=83
XTB: Starting V# 83 at time 8200.00 ns
XTB: shift 0, at 8300.00 ns 
XTB: Starting V# 84 at time 8300.00 ns
XTB: shift 1, at 8400.00 ns 
XTB: Starting V# 85 at time 8400.00 ns
XTB: shift 2, at 8500.00 ns 
XTB: Starting V# 86 at time 8500.00 ns
XTB: shift 3, at 8600.00 ns 
XTB: Starting V# 87 at time 8600.00 ns
XTB: shift 4, at 8700.00 ns 
XTB: Starting V# 88 at time 8700.00 ns
XTB: shift 5, at 8800.00 ns 
XTB: Starting V# 89 at time 8800.00 ns
XTB: Processed statement: load_unloadStmt
XTB: Starting proc allclock_launch..., T=8900.00 ns, V=90
XTB: Starting V# 90 at time 8900.00 ns
XTB: Processed statement: allclock_launchStmt
XTB: Starting proc allclock_capture..., T=9000.00 ns, V=91
XTB: Starting V# 91 at time 9000.00 ns
XTB: Processed statement: allclock_captureStmt
XTB: Processed statement: IncPat
XTB: Starting proc load_unload..., T=9100.00 ns, V=92
XTB: Begin serial scan load for pattern 10 (T=9100.00 ns, V=92)
XTB: Starting V# 92 at time 9100.00 ns
XTB: shift 0, at 9200.00 ns 
XTB: Starting V# 93 at time 9200.00 ns
XTB: shift 1, at 9300.00 ns 
XTB: Starting V# 94 at time 9300.00 ns
XTB: shift 2, at 9400.00 ns 
XTB: Starting V# 95 at time 9400.00 ns
XTB: shift 3, at 9500.00 ns 
XTB: Starting V# 96 at time 9500.00 ns
XTB: shift 4, at 9600.00 ns 
XTB: Starting V# 97 at time 9600.00 ns
XTB: shift 5, at 9700.00 ns 
XTB: Starting V# 98 at time 9700.00 ns
XTB: Processed statement: load_unloadStmt
XTB: Starting proc allclock_launch..., T=9800.00 ns, V=99
XTB: Starting V# 99 at time 9800.00 ns
XTB: Processed statement: allclock_launchStmt
XTB: Starting proc allclock_capture..., T=9900.00 ns, V=100
XTB: Starting V# 100 at time 9900.00 ns
XTB: Processed statement: allclock_captureStmt
XTB: Processed statement: IncPat
XTB: Starting proc load_unload..., T=10000.00 ns, V=101
XTB: Starting V# 101 at time 10000.00 ns
XTB: shift 0, at 10100.00 ns 
XTB: Starting V# 102 at time 10100.00 ns
XTB: shift 1, at 10200.00 ns 
XTB: Starting V# 103 at time 10200.00 ns
XTB: shift 2, at 10300.00 ns 
XTB: Starting V# 104 at time 10300.00 ns
XTB: shift 3, at 10400.00 ns 
XTB: Starting V# 105 at time 10400.00 ns
XTB: shift 4, at 10500.00 ns 
XTB: Starting V# 106 at time 10500.00 ns
XTB: shift 5, at 10600.00 ns 
XTB: Starting V# 107 at time 10600.00 ns
XTB: Processed statement: load_unloadStmt
XTB: Starting proc allclock_launch..., T=10700.00 ns, V=108
XTB: Starting V# 108 at time 10700.00 ns
XTB: Processed statement: allclock_launchStmt
XTB: Starting proc allclock_capture..., T=10800.00 ns, V=109
XTB: Starting V# 109 at time 10800.00 ns
XTB: Processed statement: allclock_captureStmt
XTB: Processed statement: IncPat
XTB: Starting proc load_unload..., T=10900.00 ns, V=110
XTB: Starting V# 110 at time 10900.00 ns
XTB: shift 0, at 11000.00 ns 
XTB: Starting V# 111 at time 11000.00 ns
XTB: shift 1, at 11100.00 ns 
XTB: Starting V# 112 at time 11100.00 ns
XTB: shift 2, at 11200.00 ns 
XTB: Starting V# 113 at time 11200.00 ns
XTB: shift 3, at 11300.00 ns 
XTB: Starting V# 114 at time 11300.00 ns
XTB: shift 4, at 11400.00 ns 
XTB: Starting V# 115 at time 11400.00 ns
XTB: shift 5, at 11500.00 ns 
XTB: Starting V# 116 at time 11500.00 ns
XTB: Processed statement: load_unloadStmt
XTB: Starting proc allclock_launch..., T=11600.00 ns, V=117
XTB: Starting V# 117 at time 11600.00 ns
XTB: Processed statement: allclock_launchStmt
XTB: Starting proc allclock_capture..., T=11700.00 ns, V=118
XTB: Starting V# 118 at time 11700.00 ns
XTB: Processed statement: allclock_captureStmt
XTB: Processed statement: IncPat
XTB: Starting proc load_unload..., T=11800.00 ns, V=119
XTB: Starting V# 119 at time 11800.00 ns
XTB: shift 0, at 11900.00 ns 
XTB: Starting V# 120 at time 11900.00 ns
XTB: shift 1, at 12000.00 ns 
XTB: Starting V# 121 at time 12000.00 ns
XTB: shift 2, at 12100.00 ns 
XTB: Starting V# 122 at time 12100.00 ns
XTB: shift 3, at 12200.00 ns 
XTB: Starting V# 123 at time 12200.00 ns
XTB: shift 4, at 12300.00 ns 
XTB: Starting V# 124 at time 12300.00 ns
XTB: shift 5, at 12400.00 ns 
XTB: Starting V# 125 at time 12400.00 ns
XTB: Processed statement: load_unloadStmt
XTB: Starting proc allclock_launch..., T=12500.00 ns, V=126
XTB: Starting V# 126 at time 12500.00 ns
XTB: Processed statement: allclock_launchStmt
XTB: Starting proc allclock_capture..., T=12600.00 ns, V=127
XTB: Starting V# 127 at time 12600.00 ns
XTB: Processed statement: allclock_captureStmt
XTB: Processed statement: IncPat
XTB: Starting proc load_unload..., T=12700.00 ns, V=128
XTB: Starting V# 128 at time 12700.00 ns
XTB: shift 0, at 12800.00 ns 
XTB: Starting V# 129 at time 12800.00 ns
XTB: shift 1, at 12900.00 ns 
XTB: Starting V# 130 at time 12900.00 ns
XTB: shift 2, at 13000.00 ns 
XTB: Starting V# 131 at time 13000.00 ns
XTB: shift 3, at 13100.00 ns 
XTB: Starting V# 132 at time 13100.00 ns
XTB: shift 4, at 13200.00 ns 
XTB: Starting V# 133 at time 13200.00 ns
XTB: shift 5, at 13300.00 ns 
XTB: Starting V# 134 at time 13300.00 ns
XTB: Processed statement: load_unloadStmt
XTB: Starting proc allclock_launch..., T=13400.00 ns, V=135
XTB: Starting V# 135 at time 13400.00 ns
XTB: Processed statement: allclock_launchStmt
XTB: Starting proc allclock_capture..., T=13500.00 ns, V=136
XTB: Starting V# 136 at time 13500.00 ns
XTB: Processed statement: allclock_captureStmt
XTB: Processed statement: IncPat
XTB: Starting proc load_unload..., T=13600.00 ns, V=137
XTB: Begin serial scan load for pattern 15 (T=13600.00 ns, V=137)
XTB: Starting V# 137 at time 13600.00 ns
XTB: shift 0, at 13700.00 ns 
XTB: Starting V# 138 at time 13700.00 ns
XTB: shift 1, at 13800.00 ns 
XTB: Starting V# 139 at time 13800.00 ns
XTB: shift 2, at 13900.00 ns 
XTB: Starting V# 140 at time 13900.00 ns
XTB: shift 3, at 14000.00 ns 
XTB: Starting V# 141 at time 14000.00 ns
XTB: shift 4, at 14100.00 ns 
XTB: Starting V# 142 at time 14100.00 ns
XTB: shift 5, at 14200.00 ns 
XTB: Starting V# 143 at time 14200.00 ns
XTB: Processed statement: load_unloadStmt
XTB: Starting proc allclock_launch..., T=14300.00 ns, V=144
XTB: Starting V# 144 at time 14300.00 ns
XTB: Processed statement: allclock_launchStmt
XTB: Starting proc allclock_capture..., T=14400.00 ns, V=145
XTB: Starting V# 145 at time 14400.00 ns
XTB: Processed statement: allclock_captureStmt
XTB: Processed statement: IncPat
XTB: Starting proc load_unload..., T=14500.00 ns, V=146
XTB: Starting V# 146 at time 14500.00 ns
XTB: shift 0, at 14600.00 ns 
XTB: Starting V# 147 at time 14600.00 ns
XTB: shift 1, at 14700.00 ns 
XTB: Starting V# 148 at time 14700.00 ns
XTB: shift 2, at 14800.00 ns 
XTB: Starting V# 149 at time 14800.00 ns
XTB: shift 3, at 14900.00 ns 
XTB: Starting V# 150 at time 14900.00 ns
XTB: shift 4, at 15000.00 ns 
XTB: Starting V# 151 at time 15000.00 ns
XTB: shift 5, at 15100.00 ns 
XTB: Starting V# 152 at time 15100.00 ns
XTB: Processed statement: load_unloadStmt
XTB: Starting proc allclock_launch..., T=15200.00 ns, V=153
XTB: Starting V# 153 at time 15200.00 ns
XTB: Processed statement: allclock_launchStmt
XTB: Starting proc allclock_capture..., T=15300.00 ns, V=154
XTB: Starting V# 154 at time 15300.00 ns
XTB: Processed statement: allclock_captureStmt
XTB: Processed statement: IncPat
XTB: Starting proc load_unload..., T=15400.00 ns, V=155
XTB: Starting V# 155 at time 15400.00 ns
XTB: shift 0, at 15500.00 ns 
XTB: Starting V# 156 at time 15500.00 ns
XTB: shift 1, at 15600.00 ns 
XTB: Starting V# 157 at time 15600.00 ns
XTB: shift 2, at 15700.00 ns 
XTB: Starting V# 158 at time 15700.00 ns
XTB: shift 3, at 15800.00 ns 
XTB: Starting V# 159 at time 15800.00 ns
XTB: shift 4, at 15900.00 ns 
XTB: Starting V# 160 at time 15900.00 ns
XTB: shift 5, at 16000.00 ns 
XTB: Starting V# 161 at time 16000.00 ns
XTB: Processed statement: load_unloadStmt
XTB: Starting proc allclock_launch..., T=16100.00 ns, V=162
XTB: Starting V# 162 at time 16100.00 ns
XTB: Processed statement: allclock_launchStmt
XTB: Starting proc allclock_capture..., T=16200.00 ns, V=163
XTB: Starting V# 163 at time 16200.00 ns
XTB: Processed statement: allclock_captureStmt
XTB: Processed statement: IncPat
XTB: Starting proc load_unload..., T=16300.00 ns, V=164
XTB: Starting V# 164 at time 16300.00 ns
XTB: shift 0, at 16400.00 ns 
XTB: Starting V# 165 at time 16400.00 ns
XTB: shift 1, at 16500.00 ns 
XTB: Starting V# 166 at time 16500.00 ns
XTB: shift 2, at 16600.00 ns 
XTB: Starting V# 167 at time 16600.00 ns
XTB: shift 3, at 16700.00 ns 
XTB: Starting V# 168 at time 16700.00 ns
XTB: shift 4, at 16800.00 ns 
XTB: Starting V# 169 at time 16800.00 ns
XTB: shift 5, at 16900.00 ns 
XTB: Starting V# 170 at time 16900.00 ns
XTB: Processed statement: load_unloadStmt
XTB: Starting proc allclock_launch..., T=17000.00 ns, V=171
XTB: Starting V# 171 at time 17000.00 ns
XTB: Processed statement: allclock_launchStmt
XTB: Starting proc allclock_capture..., T=17100.00 ns, V=172
XTB: Starting V# 172 at time 17100.00 ns
XTB: Processed statement: allclock_captureStmt
XTB: Processed statement: IncPat
XTB: Starting proc load_unload..., T=17200.00 ns, V=173
XTB: Starting V# 173 at time 17200.00 ns
XTB: shift 0, at 17300.00 ns 
XTB: Starting V# 174 at time 17300.00 ns
XTB: shift 1, at 17400.00 ns 
XTB: Starting V# 175 at time 17400.00 ns
XTB: shift 2, at 17500.00 ns 
XTB: Starting V# 176 at time 17500.00 ns
XTB: shift 3, at 17600.00 ns 
XTB: Starting V# 177 at time 17600.00 ns
XTB: shift 4, at 17700.00 ns 
XTB: Starting V# 178 at time 17700.00 ns
XTB: shift 5, at 17800.00 ns 
XTB: Starting V# 179 at time 17800.00 ns
XTB: Processed statement: load_unloadStmt
XTB: Starting proc allclock_launch..., T=17900.00 ns, V=180
XTB: Starting V# 180 at time 17900.00 ns
XTB: Processed statement: allclock_launchStmt
XTB: Starting proc allclock_capture..., T=18000.00 ns, V=181
XTB: Starting V# 181 at time 18000.00 ns
XTB: Processed statement: allclock_captureStmt
XTB: Processed statement: IncPat
XTB: Starting proc load_unload..., T=18100.00 ns, V=182
XTB: Begin serial scan load for pattern 20 (T=18100.00 ns, V=182)
XTB: Starting V# 182 at time 18100.00 ns
XTB: shift 0, at 18200.00 ns 
XTB: Starting V# 183 at time 18200.00 ns
XTB: shift 1, at 18300.00 ns 
XTB: Starting V# 184 at time 18300.00 ns
XTB: shift 2, at 18400.00 ns 
XTB: Starting V# 185 at time 18400.00 ns
XTB: shift 3, at 18500.00 ns 
XTB: Starting V# 186 at time 18500.00 ns
XTB: shift 4, at 18600.00 ns 
XTB: Starting V# 187 at time 18600.00 ns
XTB: shift 5, at 18700.00 ns 
XTB: Starting V# 188 at time 18700.00 ns
XTB: Processed statement: load_unloadStmt
XTB: Starting proc allclock_launch..., T=18800.00 ns, V=189
XTB: Starting V# 189 at time 18800.00 ns
XTB: Processed statement: allclock_launchStmt
XTB: Starting proc allclock_capture..., T=18900.00 ns, V=190
XTB: Starting V# 190 at time 18900.00 ns
XTB: Processed statement: allclock_captureStmt
XTB: Processed statement: IncPat
XTB: Starting proc load_unload..., T=19000.00 ns, V=191
XTB: Starting V# 191 at time 19000.00 ns
XTB: shift 0, at 19100.00 ns 
XTB: Starting V# 192 at time 19100.00 ns
XTB: shift 1, at 19200.00 ns 
XTB: Starting V# 193 at time 19200.00 ns
XTB: shift 2, at 19300.00 ns 
XTB: Starting V# 194 at time 19300.00 ns
XTB: shift 3, at 19400.00 ns 
XTB: Starting V# 195 at time 19400.00 ns
XTB: shift 4, at 19500.00 ns 
XTB: Starting V# 196 at time 19500.00 ns
XTB: shift 5, at 19600.00 ns 
XTB: Starting V# 197 at time 19600.00 ns
XTB: Processed statement: load_unloadStmt
XTB: Starting proc allclock_launch..., T=19700.00 ns, V=198
XTB: Starting V# 198 at time 19700.00 ns
XTB: Processed statement: allclock_launchStmt
XTB: Starting proc allclock_capture..., T=19800.00 ns, V=199
XTB: Starting V# 199 at time 19800.00 ns
XTB: Processed statement: allclock_captureStmt
XTB: Processed statement: IncPat
XTB: Starting proc load_unload..., T=19900.00 ns, V=200
XTB: Starting V# 200 at time 19900.00 ns
XTB: shift 0, at 20000.00 ns 
XTB: Starting V# 201 at time 20000.00 ns
XTB: shift 1, at 20100.00 ns 
XTB: Starting V# 202 at time 20100.00 ns
XTB: shift 2, at 20200.00 ns 
XTB: Starting V# 203 at time 20200.00 ns
XTB: shift 3, at 20300.00 ns 
XTB: Starting V# 204 at time 20300.00 ns
XTB: shift 4, at 20400.00 ns 
XTB: Starting V# 205 at time 20400.00 ns
XTB: shift 5, at 20500.00 ns 
XTB: Starting V# 206 at time 20500.00 ns
XTB: Processed statement: load_unloadStmt
XTB: Starting proc allclock_launch..., T=20600.00 ns, V=207
XTB: Starting V# 207 at time 20600.00 ns
XTB: Processed statement: allclock_launchStmt
XTB: Starting proc allclock_capture..., T=20700.00 ns, V=208
XTB: Starting V# 208 at time 20700.00 ns
XTB: Processed statement: allclock_captureStmt
XTB: Processed statement: IncPat
XTB: Starting proc load_unload..., T=20800.00 ns, V=209
XTB: Starting V# 209 at time 20800.00 ns
XTB: shift 0, at 20900.00 ns 
XTB: Starting V# 210 at time 20900.00 ns
XTB: shift 1, at 21000.00 ns 
XTB: Starting V# 211 at time 21000.00 ns
XTB: shift 2, at 21100.00 ns 
XTB: Starting V# 212 at time 21100.00 ns
XTB: shift 3, at 21200.00 ns 
XTB: Starting V# 213 at time 21200.00 ns
XTB: shift 4, at 21300.00 ns 
XTB: Starting V# 214 at time 21300.00 ns
XTB: shift 5, at 21400.00 ns 
XTB: Starting V# 215 at time 21400.00 ns
XTB: Processed statement: load_unloadStmt
XTB: Starting proc allclock_launch..., T=21500.00 ns, V=216
XTB: Starting V# 216 at time 21500.00 ns
XTB: Processed statement: allclock_launchStmt
XTB: Starting proc allclock_capture..., T=21600.00 ns, V=217
XTB: Starting V# 217 at time 21600.00 ns
XTB: Processed statement: allclock_captureStmt
XTB: Processed statement: IncPat
XTB: Starting proc load_unload..., T=21700.00 ns, V=218
XTB: Starting V# 218 at time 21700.00 ns
XTB: shift 0, at 21800.00 ns 
XTB: Starting V# 219 at time 21800.00 ns
XTB: shift 1, at 21900.00 ns 
XTB: Starting V# 220 at time 21900.00 ns
XTB: shift 2, at 22000.00 ns 
XTB: Starting V# 221 at time 22000.00 ns
XTB: shift 3, at 22100.00 ns 
XTB: Starting V# 222 at time 22100.00 ns
XTB: shift 4, at 22200.00 ns 
XTB: Starting V# 223 at time 22200.00 ns
XTB: shift 5, at 22300.00 ns 
XTB: Starting V# 224 at time 22300.00 ns
XTB: Processed statement: load_unloadStmt
XTB: Starting proc allclock_launch..., T=22400.00 ns, V=225
XTB: Starting V# 225 at time 22400.00 ns
XTB: Processed statement: allclock_launchStmt
XTB: Starting proc allclock_capture..., T=22500.00 ns, V=226
XTB: Starting V# 226 at time 22500.00 ns
XTB: Processed statement: allclock_captureStmt
XTB: Processed statement: IncPat
XTB: Starting proc load_unload..., T=22600.00 ns, V=227
XTB: Begin serial scan load for pattern 25 (T=22600.00 ns, V=227)
XTB: Starting V# 227 at time 22600.00 ns
XTB: shift 0, at 22700.00 ns 
XTB: Starting V# 228 at time 22700.00 ns
XTB: shift 1, at 22800.00 ns 
XTB: Starting V# 229 at time 22800.00 ns
XTB: shift 2, at 22900.00 ns 
XTB: Starting V# 230 at time 22900.00 ns
XTB: shift 3, at 23000.00 ns 
XTB: Starting V# 231 at time 23000.00 ns
XTB: shift 4, at 23100.00 ns 
XTB: Starting V# 232 at time 23100.00 ns
XTB: shift 5, at 23200.00 ns 
XTB: Starting V# 233 at time 23200.00 ns
XTB: Processed statement: load_unloadStmt
XTB: Starting proc allclock_launch..., T=23300.00 ns, V=234
XTB: Starting V# 234 at time 23300.00 ns
XTB: Processed statement: allclock_launchStmt
XTB: Starting proc allclock_capture..., T=23400.00 ns, V=235
XTB: Starting V# 235 at time 23400.00 ns
XTB: Processed statement: allclock_captureStmt
XTB: Processed statement: IncPat
XTB: Starting proc load_unload..., T=23500.00 ns, V=236
XTB: Starting V# 236 at time 23500.00 ns
XTB: shift 0, at 23600.00 ns 
XTB: Starting V# 237 at time 23600.00 ns
XTB: shift 1, at 23700.00 ns 
XTB: Starting V# 238 at time 23700.00 ns
XTB: shift 2, at 23800.00 ns 
XTB: Starting V# 239 at time 23800.00 ns
XTB: shift 3, at 23900.00 ns 
XTB: Starting V# 240 at time 23900.00 ns
XTB: shift 4, at 24000.00 ns 
XTB: Starting V# 241 at time 24000.00 ns
XTB: shift 5, at 24100.00 ns 
XTB: Starting V# 242 at time 24100.00 ns
XTB: Processed statement: load_unloadStmt
XTB: Starting proc allclock_launch..., T=24200.00 ns, V=243
XTB: Starting V# 243 at time 24200.00 ns
XTB: Processed statement: allclock_launchStmt
XTB: Starting proc allclock_capture..., T=24300.00 ns, V=244
XTB: Starting V# 244 at time 24300.00 ns
XTB: Processed statement: allclock_captureStmt
XTB: Processed statement: IncPat
XTB: Starting proc load_unload..., T=24400.00 ns, V=245
XTB: Starting V# 245 at time 24400.00 ns
XTB: shift 0, at 24500.00 ns 
XTB: Starting V# 246 at time 24500.00 ns
XTB: shift 1, at 24600.00 ns 
XTB: Starting V# 247 at time 24600.00 ns
XTB: shift 2, at 24700.00 ns 
XTB: Starting V# 248 at time 24700.00 ns
XTB: shift 3, at 24800.00 ns 
XTB: Starting V# 249 at time 24800.00 ns
XTB: shift 4, at 24900.00 ns 
XTB: Starting V# 250 at time 24900.00 ns
XTB: shift 5, at 25000.00 ns 
XTB: Starting V# 251 at time 25000.00 ns
XTB: Processed statement: load_unloadStmt
XTB: Starting proc allclock_launch..., T=25100.00 ns, V=252
XTB: Starting V# 252 at time 25100.00 ns
XTB: Processed statement: allclock_launchStmt
XTB: Starting proc allclock_capture..., T=25200.00 ns, V=253
XTB: Starting V# 253 at time 25200.00 ns
XTB: Processed statement: allclock_captureStmt
XTB: Processed statement: IncPat
XTB: Starting proc load_unload..., T=25300.00 ns, V=254
XTB: Starting V# 254 at time 25300.00 ns
XTB: shift 0, at 25400.00 ns 
XTB: Starting V# 255 at time 25400.00 ns
XTB: shift 1, at 25500.00 ns 
XTB: Starting V# 256 at time 25500.00 ns
XTB: shift 2, at 25600.00 ns 
XTB: Starting V# 257 at time 25600.00 ns
XTB: shift 3, at 25700.00 ns 
XTB: Starting V# 258 at time 25700.00 ns
XTB: shift 4, at 25800.00 ns 
XTB: Starting V# 259 at time 25800.00 ns
XTB: shift 5, at 25900.00 ns 
XTB: Starting V# 260 at time 25900.00 ns
XTB: Processed statement: load_unloadStmt
XTB: Starting proc allclock_launch..., T=26000.00 ns, V=261
XTB: Starting V# 261 at time 26000.00 ns
XTB: Processed statement: allclock_launchStmt
XTB: Starting proc allclock_capture..., T=26100.00 ns, V=262
XTB: Starting V# 262 at time 26100.00 ns
XTB: Processed statement: allclock_captureStmt
XTB: Processed statement: IncPat
XTB: Starting proc load_unload..., T=26200.00 ns, V=263
XTB: Starting V# 263 at time 26200.00 ns
XTB: shift 0, at 26300.00 ns 
XTB: Starting V# 264 at time 26300.00 ns
XTB: shift 1, at 26400.00 ns 
XTB: Starting V# 265 at time 26400.00 ns
XTB: shift 2, at 26500.00 ns 
XTB: Starting V# 266 at time 26500.00 ns
XTB: shift 3, at 26600.00 ns 
XTB: Starting V# 267 at time 26600.00 ns
XTB: shift 4, at 26700.00 ns 
XTB: Starting V# 268 at time 26700.00 ns
XTB: shift 5, at 26800.00 ns 
XTB: Starting V# 269 at time 26800.00 ns
XTB: Processed statement: load_unloadStmt
XTB: Starting proc allclock_launch..., T=26900.00 ns, V=270
XTB: Starting V# 270 at time 26900.00 ns
XTB: Processed statement: allclock_launchStmt
XTB: Starting proc allclock_capture..., T=27000.00 ns, V=271
XTB: Starting V# 271 at time 27000.00 ns
XTB: Processed statement: allclock_captureStmt
XTB: Processed statement: IncPat
XTB: Starting proc load_unload..., T=27100.00 ns, V=272
XTB: Begin serial scan load for pattern 30 (T=27100.00 ns, V=272)
XTB: Starting V# 272 at time 27100.00 ns
XTB: shift 0, at 27200.00 ns 
XTB: Starting V# 273 at time 27200.00 ns
XTB: shift 1, at 27300.00 ns 
XTB: Starting V# 274 at time 27300.00 ns
XTB: shift 2, at 27400.00 ns 
XTB: Starting V# 275 at time 27400.00 ns
XTB: shift 3, at 27500.00 ns 
XTB: Starting V# 276 at time 27500.00 ns
XTB: shift 4, at 27600.00 ns 
XTB: Starting V# 277 at time 27600.00 ns
XTB: shift 5, at 27700.00 ns 
XTB: Starting V# 278 at time 27700.00 ns
XTB: Processed statement: load_unloadStmt
XTB: Starting proc allclock_launch..., T=27800.00 ns, V=279
XTB: Starting V# 279 at time 27800.00 ns
XTB: Processed statement: allclock_launchStmt
XTB: Starting proc allclock_capture..., T=27900.00 ns, V=280
XTB: Starting V# 280 at time 27900.00 ns
XTB: Processed statement: allclock_captureStmt
XTB: Processed statement: IncPat
XTB: Starting proc load_unload..., T=28000.00 ns, V=281
XTB: Starting V# 281 at time 28000.00 ns
XTB: shift 0, at 28100.00 ns 
XTB: Starting V# 282 at time 28100.00 ns
XTB: shift 1, at 28200.00 ns 
XTB: Starting V# 283 at time 28200.00 ns
XTB: shift 2, at 28300.00 ns 
XTB: Starting V# 284 at time 28300.00 ns
XTB: shift 3, at 28400.00 ns 
XTB: Starting V# 285 at time 28400.00 ns
XTB: shift 4, at 28500.00 ns 
XTB: Starting V# 286 at time 28500.00 ns
XTB: shift 5, at 28600.00 ns 
XTB: Starting V# 287 at time 28600.00 ns
XTB: Processed statement: load_unloadStmt
XTB: Starting proc allclock_launch..., T=28700.00 ns, V=288
XTB: Starting V# 288 at time 28700.00 ns
XTB: Processed statement: allclock_launchStmt
XTB: Starting proc allclock_capture..., T=28800.00 ns, V=289
XTB: Starting V# 289 at time 28800.00 ns
XTB: Processed statement: allclock_captureStmt
XTB: Processed statement: IncPat
XTB: Starting proc load_unload..., T=28900.00 ns, V=290
XTB: Starting V# 290 at time 28900.00 ns
XTB: shift 0, at 29000.00 ns 
XTB: Starting V# 291 at time 29000.00 ns
XTB: shift 1, at 29100.00 ns 
XTB: Starting V# 292 at time 29100.00 ns
XTB: shift 2, at 29200.00 ns 
XTB: Starting V# 293 at time 29200.00 ns
XTB: shift 3, at 29300.00 ns 
XTB: Starting V# 294 at time 29300.00 ns
XTB: shift 4, at 29400.00 ns 
XTB: Starting V# 295 at time 29400.00 ns
XTB: shift 5, at 29500.00 ns 
XTB: Starting V# 296 at time 29500.00 ns
XTB: Processed statement: load_unloadStmt
XTB: Starting proc allclock_launch..., T=29600.00 ns, V=297
XTB: Starting V# 297 at time 29600.00 ns
XTB: Processed statement: allclock_launchStmt
XTB: Starting proc allclock_capture..., T=29700.00 ns, V=298
XTB: Starting V# 298 at time 29700.00 ns
XTB: Processed statement: allclock_captureStmt
XTB: Processed statement: IncPat
XTB: Starting proc load_unload..., T=29800.00 ns, V=299
XTB: Starting V# 299 at time 29800.00 ns
XTB: shift 0, at 29900.00 ns 
XTB: Starting V# 300 at time 29900.00 ns
XTB: shift 1, at 30000.00 ns 
XTB: Starting V# 301 at time 30000.00 ns
XTB: shift 2, at 30100.00 ns 
XTB: Starting V# 302 at time 30100.00 ns
XTB: shift 3, at 30200.00 ns 
XTB: Starting V# 303 at time 30200.00 ns
XTB: shift 4, at 30300.00 ns 
XTB: Starting V# 304 at time 30300.00 ns
XTB: shift 5, at 30400.00 ns 
XTB: Starting V# 305 at time 30400.00 ns
XTB: Processed statement: load_unloadStmt
XTB: Starting proc allclock_launch..., T=30500.00 ns, V=306
XTB: Starting V# 306 at time 30500.00 ns
XTB: Processed statement: allclock_launchStmt
XTB: Starting proc allclock_capture..., T=30600.00 ns, V=307
XTB: Starting V# 307 at time 30600.00 ns
XTB: Processed statement: allclock_captureStmt
XTB: Processed statement: IncPat
XTB: Starting proc load_unload..., T=30700.00 ns, V=308
XTB: Starting V# 308 at time 30700.00 ns
XTB: shift 0, at 30800.00 ns 
XTB: Starting V# 309 at time 30800.00 ns
XTB: shift 1, at 30900.00 ns 
XTB: Starting V# 310 at time 30900.00 ns
XTB: shift 2, at 31000.00 ns 
XTB: Starting V# 311 at time 31000.00 ns
XTB: shift 3, at 31100.00 ns 
XTB: Starting V# 312 at time 31100.00 ns
XTB: shift 4, at 31200.00 ns 
XTB: Starting V# 313 at time 31200.00 ns
XTB: shift 5, at 31300.00 ns 
XTB: Starting V# 314 at time 31300.00 ns
XTB: Processed statement: load_unloadStmt
XTB: Starting proc allclock_launch..., T=31400.00 ns, V=315
XTB: Starting V# 315 at time 31400.00 ns
XTB: Processed statement: allclock_launchStmt
XTB: Starting proc allclock_capture..., T=31500.00 ns, V=316
XTB: Starting V# 316 at time 31500.00 ns
XTB: Processed statement: allclock_captureStmt
XTB: Processed statement: IncPat
XTB: Starting proc load_unload..., T=31600.00 ns, V=317
XTB: Begin serial scan load for pattern 35 (T=31600.00 ns, V=317)
XTB: Starting V# 317 at time 31600.00 ns
XTB: shift 0, at 31700.00 ns 
XTB: Starting V# 318 at time 31700.00 ns
XTB: shift 1, at 31800.00 ns 
XTB: Starting V# 319 at time 31800.00 ns
XTB: shift 2, at 31900.00 ns 
XTB: Starting V# 320 at time 31900.00 ns
XTB: shift 3, at 32000.00 ns 
XTB: Starting V# 321 at time 32000.00 ns
XTB: shift 4, at 32100.00 ns 
XTB: Starting V# 322 at time 32100.00 ns
XTB: shift 5, at 32200.00 ns 
XTB: Starting V# 323 at time 32200.00 ns
XTB: Processed statement: load_unloadStmt
XTB: Starting proc allclock_launch..., T=32300.00 ns, V=324
XTB: Starting V# 324 at time 32300.00 ns
XTB: Processed statement: allclock_launchStmt
XTB: Starting proc allclock_capture..., T=32400.00 ns, V=325
XTB: Starting V# 325 at time 32400.00 ns
XTB: Processed statement: allclock_captureStmt
XTB: Processed statement: IncPat
XTB: Starting proc load_unload..., T=32500.00 ns, V=326
XTB: Starting V# 326 at time 32500.00 ns
XTB: shift 0, at 32600.00 ns 
XTB: Starting V# 327 at time 32600.00 ns
XTB: shift 1, at 32700.00 ns 
XTB: Starting V# 328 at time 32700.00 ns
XTB: shift 2, at 32800.00 ns 
XTB: Starting V# 329 at time 32800.00 ns
XTB: shift 3, at 32900.00 ns 
XTB: Starting V# 330 at time 32900.00 ns
XTB: shift 4, at 33000.00 ns 
XTB: Starting V# 331 at time 33000.00 ns
XTB: shift 5, at 33100.00 ns 
XTB: Starting V# 332 at time 33100.00 ns
XTB: Processed statement: load_unloadStmt
XTB: Starting proc allclock_launch..., T=33200.00 ns, V=333
XTB: Starting V# 333 at time 33200.00 ns
XTB: Processed statement: allclock_launchStmt
XTB: Starting proc allclock_capture..., T=33300.00 ns, V=334
XTB: Starting V# 334 at time 33300.00 ns
XTB: Processed statement: allclock_captureStmt
XTB: Processed statement: IncPat
XTB: Starting proc load_unload..., T=33400.00 ns, V=335
XTB: Starting V# 335 at time 33400.00 ns
XTB: shift 0, at 33500.00 ns 
XTB: Starting V# 336 at time 33500.00 ns
XTB: shift 1, at 33600.00 ns 
XTB: Starting V# 337 at time 33600.00 ns
XTB: shift 2, at 33700.00 ns 
XTB: Starting V# 338 at time 33700.00 ns
XTB: shift 3, at 33800.00 ns 
XTB: Starting V# 339 at time 33800.00 ns
XTB: shift 4, at 33900.00 ns 
XTB: Starting V# 340 at time 33900.00 ns
XTB: shift 5, at 34000.00 ns 
XTB: Starting V# 341 at time 34000.00 ns
XTB: Processed statement: load_unloadStmt
XTB: Starting proc allclock_launch..., T=34100.00 ns, V=342
XTB: Starting V# 342 at time 34100.00 ns
XTB: Processed statement: allclock_launchStmt
XTB: Starting proc allclock_capture..., T=34200.00 ns, V=343
XTB: Starting V# 343 at time 34200.00 ns
XTB: Processed statement: allclock_captureStmt
XTB: Processed statement: IncPat
XTB: Starting proc load_unload..., T=34300.00 ns, V=344
XTB: Starting V# 344 at time 34300.00 ns
XTB: shift 0, at 34400.00 ns 
XTB: Starting V# 345 at time 34400.00 ns
XTB: shift 1, at 34500.00 ns 
XTB: Starting V# 346 at time 34500.00 ns
XTB: shift 2, at 34600.00 ns 
XTB: Starting V# 347 at time 34600.00 ns
XTB: shift 3, at 34700.00 ns 
XTB: Starting V# 348 at time 34700.00 ns
XTB: shift 4, at 34800.00 ns 
XTB: Starting V# 349 at time 34800.00 ns
XTB: shift 5, at 34900.00 ns 
XTB: Starting V# 350 at time 34900.00 ns
XTB: Processed statement: load_unloadStmt
XTB: Starting proc allclock_launch..., T=35000.00 ns, V=351
XTB: Starting V# 351 at time 35000.00 ns
XTB: Processed statement: allclock_launchStmt
XTB: Starting proc allclock_capture..., T=35100.00 ns, V=352
XTB: Starting V# 352 at time 35100.00 ns
XTB: Processed statement: allclock_captureStmt
XTB: Processed statement: IncPat
XTB: Starting proc load_unload..., T=35200.00 ns, V=353
XTB: Starting V# 353 at time 35200.00 ns
XTB: shift 0, at 35300.00 ns 
XTB: Starting V# 354 at time 35300.00 ns
XTB: shift 1, at 35400.00 ns 
XTB: Starting V# 355 at time 35400.00 ns
XTB: shift 2, at 35500.00 ns 
XTB: Starting V# 356 at time 35500.00 ns
XTB: shift 3, at 35600.00 ns 
XTB: Starting V# 357 at time 35600.00 ns
XTB: shift 4, at 35700.00 ns 
XTB: Starting V# 358 at time 35700.00 ns
XTB: shift 5, at 35800.00 ns 
XTB: Starting V# 359 at time 35800.00 ns
XTB: Processed statement: load_unloadStmt
XTB: Starting proc allclock_launch..., T=35900.00 ns, V=360
XTB: Starting V# 360 at time 35900.00 ns
XTB: Processed statement: allclock_launchStmt
XTB: Starting proc allclock_capture..., T=36000.00 ns, V=361
XTB: Starting V# 361 at time 36000.00 ns
XTB: Processed statement: allclock_captureStmt
XTB: Processed statement: IncPat
XTB: Starting proc load_unload..., T=36100.00 ns, V=362
XTB: Begin serial scan load for pattern 40 (T=36100.00 ns, V=362)
XTB: Starting V# 362 at time 36100.00 ns
XTB: shift 0, at 36200.00 ns 
XTB: Starting V# 363 at time 36200.00 ns
XTB: shift 1, at 36300.00 ns 
XTB: Starting V# 364 at time 36300.00 ns
XTB: shift 2, at 36400.00 ns 
XTB: Starting V# 365 at time 36400.00 ns
XTB: shift 3, at 36500.00 ns 
XTB: Starting V# 366 at time 36500.00 ns
XTB: shift 4, at 36600.00 ns 
XTB: Starting V# 367 at time 36600.00 ns
XTB: shift 5, at 36700.00 ns 
XTB: Starting V# 368 at time 36700.00 ns
XTB: Processed statement: load_unloadStmt
XTB: Starting proc allclock_launch..., T=36800.00 ns, V=369
XTB: Starting V# 369 at time 36800.00 ns
XTB: Processed statement: allclock_launchStmt
XTB: Starting proc allclock_capture..., T=36900.00 ns, V=370
XTB: Starting V# 370 at time 36900.00 ns
XTB: Processed statement: allclock_captureStmt
XTB: Processed statement: IncPat
XTB: Starting proc load_unload..., T=37000.00 ns, V=371
XTB: Starting V# 371 at time 37000.00 ns
XTB: shift 0, at 37100.00 ns 
XTB: Starting V# 372 at time 37100.00 ns
XTB: shift 1, at 37200.00 ns 
XTB: Starting V# 373 at time 37200.00 ns
XTB: shift 2, at 37300.00 ns 
XTB: Starting V# 374 at time 37300.00 ns
XTB: shift 3, at 37400.00 ns 
XTB: Starting V# 375 at time 37400.00 ns
XTB: shift 4, at 37500.00 ns 
XTB: Starting V# 376 at time 37500.00 ns
XTB: shift 5, at 37600.00 ns 
XTB: Starting V# 377 at time 37600.00 ns
XTB: Processed statement: load_unloadStmt
XTB: Starting proc allclock_launch..., T=37700.00 ns, V=378
XTB: Starting V# 378 at time 37700.00 ns
XTB: Processed statement: allclock_launchStmt
XTB: Starting proc allclock_capture..., T=37800.00 ns, V=379
XTB: Starting V# 379 at time 37800.00 ns
XTB: Processed statement: allclock_captureStmt
XTB: Processed statement: IncPat
XTB: Starting proc load_unload..., T=37900.00 ns, V=380
XTB: Starting V# 380 at time 37900.00 ns
XTB: shift 0, at 38000.00 ns 
XTB: Starting V# 381 at time 38000.00 ns
XTB: shift 1, at 38100.00 ns 
XTB: Starting V# 382 at time 38100.00 ns
XTB: shift 2, at 38200.00 ns 
XTB: Starting V# 383 at time 38200.00 ns
XTB: shift 3, at 38300.00 ns 
XTB: Starting V# 384 at time 38300.00 ns
XTB: shift 4, at 38400.00 ns 
XTB: Starting V# 385 at time 38400.00 ns
XTB: shift 5, at 38500.00 ns 
XTB: Starting V# 386 at time 38500.00 ns
XTB: Processed statement: load_unloadStmt
XTB: Starting proc allclock_launch..., T=38600.00 ns, V=387
XTB: Starting V# 387 at time 38600.00 ns
XTB: Processed statement: allclock_launchStmt
XTB: Starting proc allclock_capture..., T=38700.00 ns, V=388
XTB: Starting V# 388 at time 38700.00 ns
XTB: Processed statement: allclock_captureStmt
XTB: Processed statement: IncPat
XTB: Starting proc load_unload..., T=38800.00 ns, V=389
XTB: Starting V# 389 at time 38800.00 ns
XTB: shift 0, at 38900.00 ns 
XTB: Starting V# 390 at time 38900.00 ns
XTB: shift 1, at 39000.00 ns 
XTB: Starting V# 391 at time 39000.00 ns
XTB: shift 2, at 39100.00 ns 
XTB: Starting V# 392 at time 39100.00 ns
XTB: shift 3, at 39200.00 ns 
XTB: Starting V# 393 at time 39200.00 ns
XTB: shift 4, at 39300.00 ns 
XTB: Starting V# 394 at time 39300.00 ns
XTB: shift 5, at 39400.00 ns 
XTB: Starting V# 395 at time 39400.00 ns
XTB: Processed statement: load_unloadStmt
XTB: Starting proc allclock_launch..., T=39500.00 ns, V=396
XTB: Starting V# 396 at time 39500.00 ns
XTB: Processed statement: allclock_launchStmt
XTB: Starting proc allclock_capture..., T=39600.00 ns, V=397
XTB: Starting V# 397 at time 39600.00 ns
XTB: Processed statement: allclock_captureStmt
XTB: Processed statement: IncPat
XTB: Starting proc load_unload..., T=39700.00 ns, V=398
XTB: Starting V# 398 at time 39700.00 ns
XTB: shift 0, at 39800.00 ns 
XTB: Starting V# 399 at time 39800.00 ns
XTB: shift 1, at 39900.00 ns 
XTB: Starting V# 400 at time 39900.00 ns
XTB: shift 2, at 40000.00 ns 
XTB: Starting V# 401 at time 40000.00 ns
XTB: shift 3, at 40100.00 ns 
XTB: Starting V# 402 at time 40100.00 ns
XTB: shift 4, at 40200.00 ns 
XTB: Starting V# 403 at time 40200.00 ns
XTB: shift 5, at 40300.00 ns 
XTB: Starting V# 404 at time 40300.00 ns
XTB: Processed statement: load_unloadStmt
XTB: Starting proc allclock_launch..., T=40400.00 ns, V=405
XTB: Starting V# 405 at time 40400.00 ns
XTB: Processed statement: allclock_launchStmt
XTB: Starting proc allclock_capture..., T=40500.00 ns, V=406
XTB: Starting V# 406 at time 40500.00 ns
XTB: Processed statement: allclock_captureStmt
XTB: Processed statement: IncPat
XTB: Starting proc load_unload..., T=40600.00 ns, V=407
XTB: Begin serial scan load for pattern 45 (T=40600.00 ns, V=407)
XTB: Starting V# 407 at time 40600.00 ns
XTB: shift 0, at 40700.00 ns 
XTB: Starting V# 408 at time 40700.00 ns
XTB: shift 1, at 40800.00 ns 
XTB: Starting V# 409 at time 40800.00 ns
XTB: shift 2, at 40900.00 ns 
XTB: Starting V# 410 at time 40900.00 ns
XTB: shift 3, at 41000.00 ns 
XTB: Starting V# 411 at time 41000.00 ns
XTB: shift 4, at 41100.00 ns 
XTB: Starting V# 412 at time 41100.00 ns
XTB: shift 5, at 41200.00 ns 
XTB: Starting V# 413 at time 41200.00 ns
XTB: Processed statement: load_unloadStmt
XTB: Starting proc allclock_launch..., T=41300.00 ns, V=414
XTB: Starting V# 414 at time 41300.00 ns
XTB: Processed statement: allclock_launchStmt
XTB: Starting proc allclock_capture..., T=41400.00 ns, V=415
XTB: Starting V# 415 at time 41400.00 ns
XTB: Processed statement: allclock_captureStmt
XTB: Processed statement: IncPat
XTB: Starting proc load_unload..., T=41500.00 ns, V=416
XTB: Starting V# 416 at time 41500.00 ns
XTB: shift 0, at 41600.00 ns 
XTB: Starting V# 417 at time 41600.00 ns
XTB: shift 1, at 41700.00 ns 
XTB: Starting V# 418 at time 41700.00 ns
XTB: shift 2, at 41800.00 ns 
XTB: Starting V# 419 at time 41800.00 ns
XTB: shift 3, at 41900.00 ns 
XTB: Starting V# 420 at time 41900.00 ns
XTB: shift 4, at 42000.00 ns 
XTB: Starting V# 421 at time 42000.00 ns
XTB: shift 5, at 42100.00 ns 
XTB: Starting V# 422 at time 42100.00 ns
XTB: Processed statement: load_unloadStmt
XTB: Starting proc allclock_launch..., T=42200.00 ns, V=423
XTB: Starting V# 423 at time 42200.00 ns
XTB: Processed statement: allclock_launchStmt
XTB: Starting proc allclock_capture..., T=42300.00 ns, V=424
XTB: Starting V# 424 at time 42300.00 ns
XTB: Processed statement: allclock_captureStmt
XTB: Processed statement: IncPat
XTB: Starting proc load_unload..., T=42400.00 ns, V=425
XTB: Starting V# 425 at time 42400.00 ns
XTB: shift 0, at 42500.00 ns 
XTB: Starting V# 426 at time 42500.00 ns
XTB: shift 1, at 42600.00 ns 
XTB: Starting V# 427 at time 42600.00 ns
XTB: shift 2, at 42700.00 ns 
XTB: Starting V# 428 at time 42700.00 ns
XTB: shift 3, at 42800.00 ns 
XTB: Starting V# 429 at time 42800.00 ns
XTB: shift 4, at 42900.00 ns 
XTB: Starting V# 430 at time 42900.00 ns
XTB: shift 5, at 43000.00 ns 
XTB: Starting V# 431 at time 43000.00 ns
XTB: Processed statement: load_unloadStmt
XTB: Starting proc allclock_launch..., T=43100.00 ns, V=432
XTB: Starting V# 432 at time 43100.00 ns
XTB: Processed statement: allclock_launchStmt
XTB: Starting proc allclock_capture..., T=43200.00 ns, V=433
XTB: Starting V# 433 at time 43200.00 ns
XTB: Processed statement: allclock_captureStmt
XTB: Processed statement: IncPat
XTB: Starting proc load_unload..., T=43300.00 ns, V=434
XTB: Starting V# 434 at time 43300.00 ns
XTB: shift 0, at 43400.00 ns 
XTB: Starting V# 435 at time 43400.00 ns
XTB: shift 1, at 43500.00 ns 
XTB: Starting V# 436 at time 43500.00 ns
XTB: shift 2, at 43600.00 ns 
XTB: Starting V# 437 at time 43600.00 ns
XTB: shift 3, at 43700.00 ns 
XTB: Starting V# 438 at time 43700.00 ns
XTB: shift 4, at 43800.00 ns 
XTB: Starting V# 439 at time 43800.00 ns
XTB: shift 5, at 43900.00 ns 
XTB: Starting V# 440 at time 43900.00 ns
XTB: Processed statement: load_unloadStmt
XTB: Starting proc allclock_launch..., T=44000.00 ns, V=441
XTB: Starting V# 441 at time 44000.00 ns
XTB: Processed statement: allclock_launchStmt
XTB: Starting proc allclock_capture..., T=44100.00 ns, V=442
XTB: Starting V# 442 at time 44100.00 ns
XTB: Processed statement: allclock_captureStmt
XTB: Processed statement: IncPat
XTB: Starting proc load_unload..., T=44200.00 ns, V=443
XTB: Starting V# 443 at time 44200.00 ns
XTB: shift 0, at 44300.00 ns 
XTB: Starting V# 444 at time 44300.00 ns
XTB: shift 1, at 44400.00 ns 
XTB: Starting V# 445 at time 44400.00 ns
XTB: shift 2, at 44500.00 ns 
XTB: Starting V# 446 at time 44500.00 ns
XTB: shift 3, at 44600.00 ns 
XTB: Starting V# 447 at time 44600.00 ns
XTB: shift 4, at 44700.00 ns 
XTB: Starting V# 448 at time 44700.00 ns
XTB: shift 5, at 44800.00 ns 
XTB: Starting V# 449 at time 44800.00 ns
XTB: Processed statement: load_unloadStmt
XTB: Starting proc allclock_launch..., T=44900.00 ns, V=450
XTB: Starting V# 450 at time 44900.00 ns
XTB: Processed statement: allclock_launchStmt
XTB: Starting proc allclock_capture..., T=45000.00 ns, V=451
XTB: Starting V# 451 at time 45000.00 ns
XTB: Processed statement: allclock_captureStmt
XTB: Processed statement: IncPat
XTB: Starting proc load_unload..., T=45100.00 ns, V=452
XTB: Begin serial scan load for pattern 50 (T=45100.00 ns, V=452)
XTB: Starting V# 452 at time 45100.00 ns
XTB: shift 0, at 45200.00 ns 
XTB: Starting V# 453 at time 45200.00 ns
XTB: shift 1, at 45300.00 ns 
XTB: Starting V# 454 at time 45300.00 ns
XTB: shift 2, at 45400.00 ns 
XTB: Starting V# 455 at time 45400.00 ns
XTB: shift 3, at 45500.00 ns 
XTB: Starting V# 456 at time 45500.00 ns
XTB: shift 4, at 45600.00 ns 
XTB: Starting V# 457 at time 45600.00 ns
XTB: shift 5, at 45700.00 ns 
XTB: Starting V# 458 at time 45700.00 ns
XTB: Processed statement: load_unloadStmt
XTB: Starting proc allclock_launch..., T=45800.00 ns, V=459
XTB: Starting V# 459 at time 45800.00 ns
XTB: Processed statement: allclock_launchStmt
XTB: Starting proc allclock_capture..., T=45900.00 ns, V=460
XTB: Starting V# 460 at time 45900.00 ns
XTB: Processed statement: allclock_captureStmt
XTB: Processed statement: IncPat
XTB: Starting proc load_unload..., T=46000.00 ns, V=461
XTB: Starting V# 461 at time 46000.00 ns
XTB: shift 0, at 46100.00 ns 
XTB: Starting V# 462 at time 46100.00 ns
XTB: shift 1, at 46200.00 ns 
XTB: Starting V# 463 at time 46200.00 ns
XTB: shift 2, at 46300.00 ns 
XTB: Starting V# 464 at time 46300.00 ns
XTB: shift 3, at 46400.00 ns 
XTB: Starting V# 465 at time 46400.00 ns
XTB: shift 4, at 46500.00 ns 
XTB: Starting V# 466 at time 46500.00 ns
XTB: shift 5, at 46600.00 ns 
XTB: Starting V# 467 at time 46600.00 ns
XTB: Processed statement: load_unloadStmt
XTB: Starting proc allclock_launch..., T=46700.00 ns, V=468
XTB: Starting V# 468 at time 46700.00 ns
XTB: Processed statement: allclock_launchStmt
XTB: Starting proc allclock_capture..., T=46800.00 ns, V=469
XTB: Starting V# 469 at time 46800.00 ns
XTB: Processed statement: allclock_captureStmt
XTB: Processed statement: IncPat
XTB: Starting proc load_unload..., T=46900.00 ns, V=470
XTB: Starting V# 470 at time 46900.00 ns
XTB: shift 0, at 47000.00 ns 
XTB: Starting V# 471 at time 47000.00 ns
XTB: shift 1, at 47100.00 ns 
XTB: Starting V# 472 at time 47100.00 ns
XTB: shift 2, at 47200.00 ns 
XTB: Starting V# 473 at time 47200.00 ns
XTB: shift 3, at 47300.00 ns 
XTB: Starting V# 474 at time 47300.00 ns
XTB: shift 4, at 47400.00 ns 
XTB: Starting V# 475 at time 47400.00 ns
XTB: shift 5, at 47500.00 ns 
XTB: Starting V# 476 at time 47500.00 ns
XTB: Processed statement: load_unloadStmt
XTB: Starting proc allclock_launch..., T=47600.00 ns, V=477
XTB: Starting V# 477 at time 47600.00 ns
XTB: Processed statement: allclock_launchStmt
XTB: Starting proc allclock_capture..., T=47700.00 ns, V=478
XTB: Starting V# 478 at time 47700.00 ns
XTB: Processed statement: allclock_captureStmt
XTB: Processed statement: IncPat
XTB: Starting proc load_unload..., T=47800.00 ns, V=479
XTB: Starting V# 479 at time 47800.00 ns
XTB: shift 0, at 47900.00 ns 
XTB: Starting V# 480 at time 47900.00 ns
XTB: shift 1, at 48000.00 ns 
XTB: Starting V# 481 at time 48000.00 ns
XTB: shift 2, at 48100.00 ns 
XTB: Starting V# 482 at time 48100.00 ns
XTB: shift 3, at 48200.00 ns 
XTB: Starting V# 483 at time 48200.00 ns
XTB: shift 4, at 48300.00 ns 
XTB: Starting V# 484 at time 48300.00 ns
XTB: shift 5, at 48400.00 ns 
XTB: Starting V# 485 at time 48400.00 ns
XTB: Processed statement: load_unloadStmt
XTB: Starting proc allclock_launch..., T=48500.00 ns, V=486
XTB: Starting V# 486 at time 48500.00 ns
XTB: Processed statement: allclock_launchStmt
XTB: Starting proc allclock_capture..., T=48600.00 ns, V=487
XTB: Starting V# 487 at time 48600.00 ns
XTB: Processed statement: allclock_captureStmt
XTB: Processed statement: IncPat
XTB: Starting proc load_unload..., T=48700.00 ns, V=488
XTB: Starting V# 488 at time 48700.00 ns
XTB: shift 0, at 48800.00 ns 
XTB: Starting V# 489 at time 48800.00 ns
XTB: shift 1, at 48900.00 ns 
XTB: Starting V# 490 at time 48900.00 ns
XTB: shift 2, at 49000.00 ns 
XTB: Starting V# 491 at time 49000.00 ns
XTB: shift 3, at 49100.00 ns 
XTB: Starting V# 492 at time 49100.00 ns
XTB: shift 4, at 49200.00 ns 
XTB: Starting V# 493 at time 49200.00 ns
XTB: shift 5, at 49300.00 ns 
XTB: Starting V# 494 at time 49300.00 ns
XTB: Processed statement: load_unloadStmt
XTB: Starting proc allclock_launch..., T=49400.00 ns, V=495
XTB: Starting V# 495 at time 49400.00 ns
XTB: Processed statement: allclock_launchStmt
XTB: Starting proc allclock_capture..., T=49500.00 ns, V=496
XTB: Starting V# 496 at time 49500.00 ns
XTB: Processed statement: allclock_captureStmt
XTB: Processed statement: IncPat
XTB: Starting proc load_unload..., T=49600.00 ns, V=497
XTB: Begin serial scan load for pattern 55 (T=49600.00 ns, V=497)
XTB: Starting V# 497 at time 49600.00 ns
XTB: shift 0, at 49700.00 ns 
XTB: Starting V# 498 at time 49700.00 ns
XTB: shift 1, at 49800.00 ns 
XTB: Starting V# 499 at time 49800.00 ns
XTB: shift 2, at 49900.00 ns 
XTB: Starting V# 500 at time 49900.00 ns
XTB: shift 3, at 50000.00 ns 
XTB: Starting V# 501 at time 50000.00 ns
XTB: shift 4, at 50100.00 ns 
XTB: Starting V# 502 at time 50100.00 ns
XTB: shift 5, at 50200.00 ns 
XTB: Starting V# 503 at time 50200.00 ns
XTB: Processed statement: load_unloadStmt
XTB: Starting proc allclock_launch..., T=50300.00 ns, V=504
XTB: Starting V# 504 at time 50300.00 ns
XTB: Processed statement: allclock_launchStmt
XTB: Starting proc allclock_capture..., T=50400.00 ns, V=505
XTB: Starting V# 505 at time 50400.00 ns
XTB: Processed statement: allclock_captureStmt
XTB: Processed statement: IncPat
XTB: Starting proc load_unload..., T=50500.00 ns, V=506
XTB: Starting V# 506 at time 50500.00 ns
XTB: shift 0, at 50600.00 ns 
XTB: Starting V# 507 at time 50600.00 ns
XTB: shift 1, at 50700.00 ns 
XTB: Starting V# 508 at time 50700.00 ns
XTB: shift 2, at 50800.00 ns 
XTB: Starting V# 509 at time 50800.00 ns
XTB: shift 3, at 50900.00 ns 
XTB: Starting V# 510 at time 50900.00 ns
XTB: shift 4, at 51000.00 ns 
XTB: Starting V# 511 at time 51000.00 ns
XTB: shift 5, at 51100.00 ns 
XTB: Starting V# 512 at time 51100.00 ns
XTB: Processed statement: load_unloadStmt
XTB: Starting proc allclock_launch..., T=51200.00 ns, V=513
XTB: Starting V# 513 at time 51200.00 ns
XTB: Processed statement: allclock_launchStmt
XTB: Starting proc allclock_capture..., T=51300.00 ns, V=514
XTB: Starting V# 514 at time 51300.00 ns
XTB: Processed statement: allclock_captureStmt
XTB: Processed statement: IncPat
XTB: Starting proc load_unload..., T=51400.00 ns, V=515
XTB: Starting V# 515 at time 51400.00 ns
XTB: shift 0, at 51500.00 ns 
XTB: Starting V# 516 at time 51500.00 ns
XTB: shift 1, at 51600.00 ns 
XTB: Starting V# 517 at time 51600.00 ns
XTB: shift 2, at 51700.00 ns 
XTB: Starting V# 518 at time 51700.00 ns
XTB: shift 3, at 51800.00 ns 
XTB: Starting V# 519 at time 51800.00 ns
XTB: shift 4, at 51900.00 ns 
XTB: Starting V# 520 at time 51900.00 ns
XTB: shift 5, at 52000.00 ns 
XTB: Starting V# 521 at time 52000.00 ns
XTB: Processed statement: load_unloadStmt
XTB: Starting proc allclock_launch..., T=52100.00 ns, V=522
XTB: Starting V# 522 at time 52100.00 ns
XTB: Processed statement: allclock_launchStmt
XTB: Starting proc allclock_capture..., T=52200.00 ns, V=523
XTB: Starting V# 523 at time 52200.00 ns
XTB: Processed statement: allclock_captureStmt
XTB: Processed statement: IncPat
XTB: Starting proc load_unload..., T=52300.00 ns, V=524
XTB: Starting V# 524 at time 52300.00 ns
XTB: shift 0, at 52400.00 ns 
XTB: Starting V# 525 at time 52400.00 ns
XTB: shift 1, at 52500.00 ns 
XTB: Starting V# 526 at time 52500.00 ns
XTB: shift 2, at 52600.00 ns 
XTB: Starting V# 527 at time 52600.00 ns
XTB: shift 3, at 52700.00 ns 
XTB: Starting V# 528 at time 52700.00 ns
XTB: shift 4, at 52800.00 ns 
XTB: Starting V# 529 at time 52800.00 ns
XTB: shift 5, at 52900.00 ns 
XTB: Starting V# 530 at time 52900.00 ns
XTB: Processed statement: load_unloadStmt
XTB: Starting proc allclock_launch..., T=53000.00 ns, V=531
XTB: Starting V# 531 at time 53000.00 ns
XTB: Processed statement: allclock_launchStmt
XTB: Starting proc allclock_capture..., T=53100.00 ns, V=532
XTB: Starting V# 532 at time 53100.00 ns
XTB: Processed statement: allclock_captureStmt
XTB: Processed statement: IncPat
XTB: Starting proc load_unload..., T=53200.00 ns, V=533
XTB: Starting V# 533 at time 53200.00 ns
XTB: shift 0, at 53300.00 ns 
XTB: Starting V# 534 at time 53300.00 ns
XTB: shift 1, at 53400.00 ns 
XTB: Starting V# 535 at time 53400.00 ns
XTB: shift 2, at 53500.00 ns 
XTB: Starting V# 536 at time 53500.00 ns
XTB: shift 3, at 53600.00 ns 
XTB: Starting V# 537 at time 53600.00 ns
XTB: shift 4, at 53700.00 ns 
XTB: Starting V# 538 at time 53700.00 ns
XTB: shift 5, at 53800.00 ns 
XTB: Starting V# 539 at time 53800.00 ns
XTB: Processed statement: load_unloadStmt
XTB: Starting proc allclock_launch..., T=53900.00 ns, V=540
XTB: Starting V# 540 at time 53900.00 ns
XTB: Processed statement: allclock_launchStmt
XTB: Starting proc allclock_capture..., T=54000.00 ns, V=541
XTB: Starting V# 541 at time 54000.00 ns
XTB: Processed statement: allclock_captureStmt
XTB: Processed statement: IncPat
XTB: Starting proc load_unload..., T=54100.00 ns, V=542
XTB: Begin serial scan load for pattern 60 (T=54100.00 ns, V=542)
XTB: Starting V# 542 at time 54100.00 ns
XTB: shift 0, at 54200.00 ns 
XTB: Starting V# 543 at time 54200.00 ns
XTB: shift 1, at 54300.00 ns 
XTB: Starting V# 544 at time 54300.00 ns
XTB: shift 2, at 54400.00 ns 
XTB: Starting V# 545 at time 54400.00 ns
XTB: shift 3, at 54500.00 ns 
XTB: Starting V# 546 at time 54500.00 ns
XTB: shift 4, at 54600.00 ns 
XTB: Starting V# 547 at time 54600.00 ns
XTB: shift 5, at 54700.00 ns 
XTB: Starting V# 548 at time 54700.00 ns
XTB: Processed statement: load_unloadStmt
XTB: Starting proc allclock_launch..., T=54800.00 ns, V=549
XTB: Starting V# 549 at time 54800.00 ns
XTB: Processed statement: allclock_launchStmt
XTB: Starting proc allclock_capture..., T=54900.00 ns, V=550
XTB: Starting V# 550 at time 54900.00 ns
XTB: Processed statement: allclock_captureStmt
XTB: Processed statement: IncPat
XTB: Starting proc load_unload..., T=55000.00 ns, V=551
XTB: Starting V# 551 at time 55000.00 ns
XTB: shift 0, at 55100.00 ns 
XTB: Starting V# 552 at time 55100.00 ns
XTB: shift 1, at 55200.00 ns 
XTB: Starting V# 553 at time 55200.00 ns
XTB: shift 2, at 55300.00 ns 
XTB: Starting V# 554 at time 55300.00 ns
XTB: shift 3, at 55400.00 ns 
XTB: Starting V# 555 at time 55400.00 ns
XTB: shift 4, at 55500.00 ns 
XTB: Starting V# 556 at time 55500.00 ns
XTB: shift 5, at 55600.00 ns 
XTB: Starting V# 557 at time 55600.00 ns
XTB: Processed statement: load_unloadStmt
XTB: Starting proc allclock_launch..., T=55700.00 ns, V=558
XTB: Starting V# 558 at time 55700.00 ns
XTB: Processed statement: allclock_launchStmt
XTB: Starting proc allclock_capture..., T=55800.00 ns, V=559
XTB: Starting V# 559 at time 55800.00 ns
XTB: Processed statement: allclock_captureStmt
XTB: Processed statement: IncPat
XTB: Starting proc load_unload..., T=55900.00 ns, V=560
XTB: Starting V# 560 at time 55900.00 ns
XTB: shift 0, at 56000.00 ns 
XTB: Starting V# 561 at time 56000.00 ns
XTB: shift 1, at 56100.00 ns 
XTB: Starting V# 562 at time 56100.00 ns
XTB: shift 2, at 56200.00 ns 
XTB: Starting V# 563 at time 56200.00 ns
XTB: shift 3, at 56300.00 ns 
XTB: Starting V# 564 at time 56300.00 ns
XTB: shift 4, at 56400.00 ns 
XTB: Starting V# 565 at time 56400.00 ns
XTB: shift 5, at 56500.00 ns 
XTB: Starting V# 566 at time 56500.00 ns
XTB: Processed statement: load_unloadStmt
XTB: Starting proc allclock_launch..., T=56600.00 ns, V=567
XTB: Starting V# 567 at time 56600.00 ns
XTB: Processed statement: allclock_launchStmt
XTB: Starting proc allclock_capture..., T=56700.00 ns, V=568
XTB: Starting V# 568 at time 56700.00 ns
XTB: Processed statement: allclock_captureStmt
XTB: Processed statement: IncPat
XTB: Starting proc load_unload..., T=56800.00 ns, V=569
XTB: Starting V# 569 at time 56800.00 ns
XTB: shift 0, at 56900.00 ns 
XTB: Starting V# 570 at time 56900.00 ns
XTB: shift 1, at 57000.00 ns 
XTB: Starting V# 571 at time 57000.00 ns
XTB: shift 2, at 57100.00 ns 
XTB: Starting V# 572 at time 57100.00 ns
XTB: shift 3, at 57200.00 ns 
XTB: Starting V# 573 at time 57200.00 ns
XTB: shift 4, at 57300.00 ns 
XTB: Starting V# 574 at time 57300.00 ns
XTB: shift 5, at 57400.00 ns 
XTB: Starting V# 575 at time 57400.00 ns
XTB: Processed statement: load_unloadStmt
XTB: Starting proc allclock_launch..., T=57500.00 ns, V=576
XTB: Starting V# 576 at time 57500.00 ns
XTB: Processed statement: allclock_launchStmt
XTB: Starting proc allclock_capture..., T=57600.00 ns, V=577
XTB: Starting V# 577 at time 57600.00 ns
XTB: Processed statement: allclock_captureStmt
XTB: Processed statement: IncPat
XTB: Starting proc load_unload..., T=57700.00 ns, V=578
XTB: Starting V# 578 at time 57700.00 ns
XTB: shift 0, at 57800.00 ns 
XTB: Starting V# 579 at time 57800.00 ns
XTB: shift 1, at 57900.00 ns 
XTB: Starting V# 580 at time 57900.00 ns
XTB: shift 2, at 58000.00 ns 
XTB: Starting V# 581 at time 58000.00 ns
XTB: shift 3, at 58100.00 ns 
XTB: Starting V# 582 at time 58100.00 ns
XTB: shift 4, at 58200.00 ns 
XTB: Starting V# 583 at time 58200.00 ns
XTB: shift 5, at 58300.00 ns 
XTB: Starting V# 584 at time 58300.00 ns
XTB: Processed statement: load_unloadStmt
XTB: Starting proc allclock_launch..., T=58400.00 ns, V=585
XTB: Starting V# 585 at time 58400.00 ns
XTB: Processed statement: allclock_launchStmt
XTB: Starting proc allclock_capture..., T=58500.00 ns, V=586
XTB: Starting V# 586 at time 58500.00 ns
XTB: Processed statement: allclock_captureStmt
XTB: Processed statement: IncPat
XTB: Starting proc load_unload..., T=58600.00 ns, V=587
XTB: Begin serial scan load for pattern 65 (T=58600.00 ns, V=587)
XTB: Starting V# 587 at time 58600.00 ns
XTB: shift 0, at 58700.00 ns 
XTB: Starting V# 588 at time 58700.00 ns
XTB: shift 1, at 58800.00 ns 
XTB: Starting V# 589 at time 58800.00 ns
XTB: shift 2, at 58900.00 ns 
XTB: Starting V# 590 at time 58900.00 ns
XTB: shift 3, at 59000.00 ns 
XTB: Starting V# 591 at time 59000.00 ns
XTB: shift 4, at 59100.00 ns 
XTB: Starting V# 592 at time 59100.00 ns
XTB: shift 5, at 59200.00 ns 
XTB: Starting V# 593 at time 59200.00 ns
XTB: Processed statement: load_unloadStmt
XTB: Starting proc allclock_launch..., T=59300.00 ns, V=594
XTB: Starting V# 594 at time 59300.00 ns
XTB: Processed statement: allclock_launchStmt
XTB: Starting proc allclock_capture..., T=59400.00 ns, V=595
XTB: Starting V# 595 at time 59400.00 ns
XTB: Processed statement: allclock_captureStmt
XTB: Processed statement: IncPat
XTB: Starting proc load_unload..., T=59500.00 ns, V=596
XTB: Starting V# 596 at time 59500.00 ns
XTB: shift 0, at 59600.00 ns 
XTB: Starting V# 597 at time 59600.00 ns
XTB: shift 1, at 59700.00 ns 
XTB: Starting V# 598 at time 59700.00 ns
XTB: shift 2, at 59800.00 ns 
XTB: Starting V# 599 at time 59800.00 ns
XTB: shift 3, at 59900.00 ns 
XTB: Starting V# 600 at time 59900.00 ns
XTB: shift 4, at 60000.00 ns 
XTB: Starting V# 601 at time 60000.00 ns
XTB: shift 5, at 60100.00 ns 
XTB: Starting V# 602 at time 60100.00 ns
XTB: Processed statement: load_unloadStmt
XTB: Starting proc allclock_launch..., T=60200.00 ns, V=603
XTB: Starting V# 603 at time 60200.00 ns
XTB: Processed statement: allclock_launchStmt
XTB: Starting proc allclock_capture..., T=60300.00 ns, V=604
XTB: Starting V# 604 at time 60300.00 ns
XTB: Processed statement: allclock_captureStmt
XTB: Processed statement: IncPat
XTB: Starting proc load_unload..., T=60400.00 ns, V=605
XTB: Starting V# 605 at time 60400.00 ns
XTB: shift 0, at 60500.00 ns 
XTB: Starting V# 606 at time 60500.00 ns
XTB: shift 1, at 60600.00 ns 
XTB: Starting V# 607 at time 60600.00 ns
XTB: shift 2, at 60700.00 ns 
XTB: Starting V# 608 at time 60700.00 ns
XTB: shift 3, at 60800.00 ns 
XTB: Starting V# 609 at time 60800.00 ns
XTB: shift 4, at 60900.00 ns 
XTB: Starting V# 610 at time 60900.00 ns
XTB: shift 5, at 61000.00 ns 
XTB: Starting V# 611 at time 61000.00 ns
XTB: Processed statement: load_unloadStmt
XTB: Starting proc allclock_launch..., T=61100.00 ns, V=612
XTB: Starting V# 612 at time 61100.00 ns
XTB: Processed statement: allclock_launchStmt
XTB: Starting proc allclock_capture..., T=61200.00 ns, V=613
XTB: Starting V# 613 at time 61200.00 ns
XTB: Processed statement: allclock_captureStmt
XTB: Processed statement: IncPat
XTB: Starting proc load_unload..., T=61300.00 ns, V=614
XTB: Starting V# 614 at time 61300.00 ns
XTB: shift 0, at 61400.00 ns 
XTB: Starting V# 615 at time 61400.00 ns
XTB: shift 1, at 61500.00 ns 
XTB: Starting V# 616 at time 61500.00 ns
XTB: shift 2, at 61600.00 ns 
XTB: Starting V# 617 at time 61600.00 ns
XTB: shift 3, at 61700.00 ns 
XTB: Starting V# 618 at time 61700.00 ns
XTB: shift 4, at 61800.00 ns 
XTB: Starting V# 619 at time 61800.00 ns
XTB: shift 5, at 61900.00 ns 
XTB: Starting V# 620 at time 61900.00 ns
XTB: Processed statement: load_unloadStmt
XTB: Starting proc allclock_launch..., T=62000.00 ns, V=621
XTB: Starting V# 621 at time 62000.00 ns
XTB: Processed statement: allclock_launchStmt
XTB: Starting proc allclock_capture..., T=62100.00 ns, V=622
XTB: Starting V# 622 at time 62100.00 ns
XTB: Processed statement: allclock_captureStmt
XTB: Starting proc load_unload..., T=62200.00 ns, V=623
XTB: Starting V# 623 at time 62200.00 ns
XTB: shift 0, at 62300.00 ns 
XTB: Starting V# 624 at time 62300.00 ns
XTB: shift 1, at 62400.00 ns 
XTB: Starting V# 625 at time 62400.00 ns
XTB: shift 2, at 62500.00 ns 
XTB: Starting V# 626 at time 62500.00 ns
XTB: shift 3, at 62600.00 ns 
XTB: Starting V# 627 at time 62600.00 ns
XTB: shift 4, at 62700.00 ns 
XTB: Starting V# 628 at time 62700.00 ns
XTB: shift 5, at 62800.00 ns 
XTB: Starting V# 629 at time 62800.00 ns
XTB: Processed statement: load_unloadStmt
XTB: Processed statement: EndPat
XTB: Simulation of 69 patterns completed with 0 mismatches (time: 62900.00 ns, cycles: 629)

           V C S   S i m u l a t i o n   R e p o r t 
Time: 62900000000 fs
