
Warning-[LNX_OS_VERUN] Unsupported Linux version
  Linux version 'CentOS Stream release 8' is not supported on 'x86_64' 
  officially, assuming linux compatibility by default. Set VCS_ARCH_OVERRIDE 
  to linux or suse32 to override.
  Please refer to release notes for information on supported platforms.

                         Chronologic VCS (TM)
      Version T-2022.06-SP2-6_Full64 -- Sat Apr 13 09:43:33 2024

                    Copyright (c) 1991 - 2023 Synopsys, Inc.
   This software and the associated documentation are proprietary to Synopsys,
 Inc. This software may only be used in accordance with the terms and conditions
 of a written license agreement with Synopsys, Inc. All other use, reproduction,
   or distribution of this software is strictly prohibited.  Licensed Products
     communicate with Synopsys servers for the purpose of providing software
    updates, detecting software piracy and verifying that customers are using
    Licensed Products in conformity with the applicable License Key for such
  Licensed Products. Synopsys will use information gathered in connection with
    this process to deliver software updates and pursue software pirates and
                                   infringers.

 Inclusivity & Diversity - Visit SolvNetPlus to read the "Synopsys Statement on
            Inclusivity and Diversity" (Refer to article 000036315 at
                        https://solvnetplus.synopsys.com)


Warning-[LCA_FEATURES_ENABLED] Usage warning
  LCA features enabled by '-lca' argument on the command line.  For more 
  information regarding list of LCA features please refer to Chapter "LCA 
  features" in the VCS Release Notes


Warning-[DBGACC_USAGE] Option is not compatible with -debug_access
  The compile option '+nocelldefinepli+0' is not compatible with 
  '-debug_access'.  Option '+nocelldefinepli+0' is ignored.

Parsing design file '/home/vlsilab/Documents/InstalledTools/VCS2022/vcs/T-2022.06-SP2-6/etc/uvm/uvm_pkg.sv'
Parsing included file '/home/vlsilab/Documents/InstalledTools/VCS2022/vcs/T-2022.06-SP2-6/etc/uvm/uvm_macros.svh'.
Parsing included file '/home/vlsilab/Documents/InstalledTools/VCS2022/vcs/T-2022.06-SP2-6/etc/uvm/macros/uvm_version_defines.svh'.
Back to file '/home/vlsilab/Documents/InstalledTools/VCS2022/vcs/T-2022.06-SP2-6/etc/uvm/uvm_macros.svh'.
Parsing included file '/home/vlsilab/Documents/InstalledTools/VCS2022/vcs/T-2022.06-SP2-6/etc/uvm/macros/snps_macros.svp'.
Back to file '/home/vlsilab/Documents/InstalledTools/VCS2022/vcs/T-2022.06-SP2-6/etc/uvm/uvm_macros.svh'.
Parsing included file '/home/vlsilab/Documents/InstalledTools/VCS2022/vcs/T-2022.06-SP2-6/etc/uvm/macros/uvm_message_defines.svh'.
Back to file '/home/vlsilab/Documents/InstalledTools/VCS2022/vcs/T-2022.06-SP2-6/etc/uvm/uvm_macros.svh'.
Parsing included file '/home/vlsilab/Documents/InstalledTools/VCS2022/vcs/T-2022.06-SP2-6/etc/uvm/macros/uvm_phase_defines.svh'.
Back to file '/home/vlsilab/Documents/InstalledTools/VCS2022/vcs/T-2022.06-SP2-6/etc/uvm/uvm_macros.svh'.
Parsing included file '/home/vlsilab/Documents/InstalledTools/VCS2022/vcs/T-2022.06-SP2-6/etc/uvm/macros/uvm_object_defines.svh'.
Back to file '/home/vlsilab/Documents/InstalledTools/VCS2022/vcs/T-2022.06-SP2-6/etc/uvm/uvm_macros.svh'.
Parsing included file '/home/vlsilab/Documents/InstalledTools/VCS2022/vcs/T-2022.06-SP2-6/etc/uvm/macros/uvm_printer_defines.svh'.
Back to file '/home/vlsilab/Documents/InstalledTools/VCS2022/vcs/T-2022.06-SP2-6/etc/uvm/uvm_macros.svh'.
Parsing included file '/home/vlsilab/Documents/InstalledTools/VCS2022/vcs/T-2022.06-SP2-6/etc/uvm/macros/uvm_tlm_defines.svh'.
Parsing included file '/home/vlsilab/Documents/InstalledTools/VCS2022/vcs/T-2022.06-SP2-6/etc/uvm/tlm1/uvm_tlm_imps.svh'.
Back to file '/home/vlsilab/Documents/InstalledTools/VCS2022/vcs/T-2022.06-SP2-6/etc/uvm/macros/uvm_tlm_defines.svh'.
Back to file '/home/vlsilab/Documents/InstalledTools/VCS2022/vcs/T-2022.06-SP2-6/etc/uvm/uvm_macros.svh'.
Parsing included file '/home/vlsilab/Documents/InstalledTools/VCS2022/vcs/T-2022.06-SP2-6/etc/uvm/macros/uvm_sequence_defines.svh'.
Back to file '/home/vlsilab/Documents/InstalledTools/VCS2022/vcs/T-2022.06-SP2-6/etc/uvm/uvm_macros.svh'.
Parsing included file '/home/vlsilab/Documents/InstalledTools/VCS2022/vcs/T-2022.06-SP2-6/etc/uvm/macros/uvm_callback_defines.svh'.
Back to file '/home/vlsilab/Documents/InstalledTools/VCS2022/vcs/T-2022.06-SP2-6/etc/uvm/uvm_macros.svh'.
Parsing included file '/home/vlsilab/Documents/InstalledTools/VCS2022/vcs/T-2022.06-SP2-6/etc/uvm/macros/uvm_reg_defines.svh'.
Back to file '/home/vlsilab/Documents/InstalledTools/VCS2022/vcs/T-2022.06-SP2-6/etc/uvm/uvm_macros.svh'.
Parsing included file '/home/vlsilab/Documents/InstalledTools/VCS2022/vcs/T-2022.06-SP2-6/etc/uvm/macros/uvm_deprecated_defines.svh'.
Back to file '/home/vlsilab/Documents/InstalledTools/VCS2022/vcs/T-2022.06-SP2-6/etc/uvm/uvm_macros.svh'.
Back to file '/home/vlsilab/Documents/InstalledTools/VCS2022/vcs/T-2022.06-SP2-6/etc/uvm/uvm_pkg.sv'.
Parsing included file '/home/vlsilab/Documents/InstalledTools/VCS2022/vcs/T-2022.06-SP2-6/etc/uvm/directc/uvm_directc.svh'.
Parsing included file '/home/vlsilab/Documents/InstalledTools/VCS2022/vcs/T-2022.06-SP2-6/etc/uvm/directc/uvm_seed.vh'.
Back to file '/home/vlsilab/Documents/InstalledTools/VCS2022/vcs/T-2022.06-SP2-6/etc/uvm/directc/uvm_directc.svh'.
Back to file '/home/vlsilab/Documents/InstalledTools/VCS2022/vcs/T-2022.06-SP2-6/etc/uvm/uvm_pkg.sv'.
Parsing included file '/home/vlsilab/Documents/InstalledTools/VCS2022/vcs/T-2022.06-SP2-6/etc/uvm/dpi/uvm_dpi.svh'.
Parsing included file '/home/vlsilab/Documents/InstalledTools/VCS2022/vcs/T-2022.06-SP2-6/etc/uvm/dpi/uvm_hdl.svh'.
Back to file '/home/vlsilab/Documents/InstalledTools/VCS2022/vcs/T-2022.06-SP2-6/etc/uvm/dpi/uvm_dpi.svh'.
Parsing included file '/home/vlsilab/Documents/InstalledTools/VCS2022/vcs/T-2022.06-SP2-6/etc/uvm/dpi/uvm_svcmd_dpi.svh'.
Back to file '/home/vlsilab/Documents/InstalledTools/VCS2022/vcs/T-2022.06-SP2-6/etc/uvm/dpi/uvm_dpi.svh'.
Parsing included file '/home/vlsilab/Documents/InstalledTools/VCS2022/vcs/T-2022.06-SP2-6/etc/uvm/dpi/uvm_regex.svh'.
Back to file '/home/vlsilab/Documents/InstalledTools/VCS2022/vcs/T-2022.06-SP2-6/etc/uvm/dpi/uvm_dpi.svh'.
Back to file '/home/vlsilab/Documents/InstalledTools/VCS2022/vcs/T-2022.06-SP2-6/etc/uvm/uvm_pkg.sv'.
Parsing included file '/home/vlsilab/Documents/InstalledTools/VCS2022/vcs/T-2022.06-SP2-6/etc/uvm/base/uvm_base.svh'.
Parsing included file '/home/vlsilab/Documents/InstalledTools/VCS2022/vcs/T-2022.06-SP2-6/etc/uvm/base/uvm_version.svh'.
Back to file '/home/vlsilab/Documents/InstalledTools/VCS2022/vcs/T-2022.06-SP2-6/etc/uvm/base/uvm_base.svh'.
Parsing included file '/home/vlsilab/Documents/InstalledTools/VCS2022/vcs/T-2022.06-SP2-6/etc/uvm/base/uvm_object_globals.svh'.
Back to file '/home/vlsilab/Documents/InstalledTools/VCS2022/vcs/T-2022.06-SP2-6/etc/uvm/base/uvm_base.svh'.
Parsing included file '/home/vlsilab/Documents/InstalledTools/VCS2022/vcs/T-2022.06-SP2-6/etc/uvm/base/uvm_misc.svh'.
Back to file '/home/vlsilab/Documents/InstalledTools/VCS2022/vcs/T-2022.06-SP2-6/etc/uvm/base/uvm_base.svh'.
Parsing included file '/home/vlsilab/Documents/InstalledTools/VCS2022/vcs/T-2022.06-SP2-6/etc/uvm/base/uvm_object.svh'.
Back to file '/home/vlsilab/Documents/InstalledTools/VCS2022/vcs/T-2022.06-SP2-6/etc/uvm/base/uvm_base.svh'.
Parsing included file '/home/vlsilab/Documents/InstalledTools/VCS2022/vcs/T-2022.06-SP2-6/etc/uvm/base/uvm_pool.svh'.
Back to file '/home/vlsilab/Documents/InstalledTools/VCS2022/vcs/T-2022.06-SP2-6/etc/uvm/base/uvm_base.svh'.
Parsing included file '/home/vlsilab/Documents/InstalledTools/VCS2022/vcs/T-2022.06-SP2-6/etc/uvm/base/uvm_queue.svh'.
Back to file '/home/vlsilab/Documents/InstalledTools/VCS2022/vcs/T-2022.06-SP2-6/etc/uvm/base/uvm_base.svh'.
Parsing included file '/home/vlsilab/Documents/InstalledTools/VCS2022/vcs/T-2022.06-SP2-6/etc/uvm/base/uvm_factory.svh'.
Back to file '/home/vlsilab/Documents/InstalledTools/VCS2022/vcs/T-2022.06-SP2-6/etc/uvm/base/uvm_base.svh'.
Parsing included file '/home/vlsilab/Documents/InstalledTools/VCS2022/vcs/T-2022.06-SP2-6/etc/uvm/base/uvm_registry.svh'.
Back to file '/home/vlsilab/Documents/InstalledTools/VCS2022/vcs/T-2022.06-SP2-6/etc/uvm/base/uvm_base.svh'.
Parsing included file '/home/vlsilab/Documents/InstalledTools/VCS2022/vcs/T-2022.06-SP2-6/etc/uvm/base/uvm_spell_chkr.svh'.
Back to file '/home/vlsilab/Documents/InstalledTools/VCS2022/vcs/T-2022.06-SP2-6/etc/uvm/base/uvm_base.svh'.
Parsing included file '/home/vlsilab/Documents/InstalledTools/VCS2022/vcs/T-2022.06-SP2-6/etc/uvm/base/uvm_resource.svh'.
Back to file '/home/vlsilab/Documents/InstalledTools/VCS2022/vcs/T-2022.06-SP2-6/etc/uvm/base/uvm_base.svh'.
Parsing included file '/home/vlsilab/Documents/InstalledTools/VCS2022/vcs/T-2022.06-SP2-6/etc/uvm/deprecated/uvm_resource_converter.svh'.
Back to file '/home/vlsilab/Documents/InstalledTools/VCS2022/vcs/T-2022.06-SP2-6/etc/uvm/base/uvm_base.svh'.
Parsing included file '/home/vlsilab/Documents/InstalledTools/VCS2022/vcs/T-2022.06-SP2-6/etc/uvm/base/uvm_resource_specializations.svh'.
Back to file '/home/vlsilab/Documents/InstalledTools/VCS2022/vcs/T-2022.06-SP2-6/etc/uvm/base/uvm_base.svh'.
Parsing included file '/home/vlsilab/Documents/InstalledTools/VCS2022/vcs/T-2022.06-SP2-6/etc/uvm/base/uvm_resource_db.svh'.
Back to file '/home/vlsilab/Documents/InstalledTools/VCS2022/vcs/T-2022.06-SP2-6/etc/uvm/base/uvm_base.svh'.
Parsing included file '/home/vlsilab/Documents/InstalledTools/VCS2022/vcs/T-2022.06-SP2-6/etc/uvm/base/uvm_config_db.svh'.
Back to file '/home/vlsilab/Documents/InstalledTools/VCS2022/vcs/T-2022.06-SP2-6/etc/uvm/base/uvm_base.svh'.
Parsing included file '/home/vlsilab/Documents/InstalledTools/VCS2022/vcs/T-2022.06-SP2-6/etc/uvm/base/uvm_printer.svh'.
Back to file '/home/vlsilab/Documents/InstalledTools/VCS2022/vcs/T-2022.06-SP2-6/etc/uvm/base/uvm_base.svh'.
Parsing included file '/home/vlsilab/Documents/InstalledTools/VCS2022/vcs/T-2022.06-SP2-6/etc/uvm/base/uvm_comparer.svh'.
Back to file '/home/vlsilab/Documents/InstalledTools/VCS2022/vcs/T-2022.06-SP2-6/etc/uvm/base/uvm_base.svh'.
Parsing included file '/home/vlsilab/Documents/InstalledTools/VCS2022/vcs/T-2022.06-SP2-6/etc/uvm/base/uvm_packer.svh'.
Back to file '/home/vlsilab/Documents/InstalledTools/VCS2022/vcs/T-2022.06-SP2-6/etc/uvm/base/uvm_base.svh'.
Parsing included file '/home/vlsilab/Documents/InstalledTools/VCS2022/vcs/T-2022.06-SP2-6/etc/uvm/base/uvm_recorder.svh'.
Back to file '/home/vlsilab/Documents/InstalledTools/VCS2022/vcs/T-2022.06-SP2-6/etc/uvm/base/uvm_base.svh'.
Parsing included file '/home/vlsilab/Documents/InstalledTools/VCS2022/vcs/T-2022.06-SP2-6/etc/uvm/base/uvm_event_callback.svh'.
Back to file '/home/vlsilab/Documents/InstalledTools/VCS2022/vcs/T-2022.06-SP2-6/etc/uvm/base/uvm_base.svh'.
Parsing included file '/home/vlsilab/Documents/InstalledTools/VCS2022/vcs/T-2022.06-SP2-6/etc/uvm/base/uvm_event.svh'.
Back to file '/home/vlsilab/Documents/InstalledTools/VCS2022/vcs/T-2022.06-SP2-6/etc/uvm/base/uvm_base.svh'.
Parsing included file '/home/vlsilab/Documents/InstalledTools/VCS2022/vcs/T-2022.06-SP2-6/etc/uvm/base/uvm_barrier.svh'.
Back to file '/home/vlsilab/Documents/InstalledTools/VCS2022/vcs/T-2022.06-SP2-6/etc/uvm/base/uvm_base.svh'.
Parsing included file '/home/vlsilab/Documents/InstalledTools/VCS2022/vcs/T-2022.06-SP2-6/etc/uvm/base/uvm_callback.svh'.
Parsing included file '/home/vlsilab/Documents/InstalledTools/VCS2022/vcs/T-2022.06-SP2-6/etc/uvm/uvm_macros.svh'.
Back to file '/home/vlsilab/Documents/InstalledTools/VCS2022/vcs/T-2022.06-SP2-6/etc/uvm/base/uvm_callback.svh'.
Back to file '/home/vlsilab/Documents/InstalledTools/VCS2022/vcs/T-2022.06-SP2-6/etc/uvm/base/uvm_base.svh'.
Parsing included file '/home/vlsilab/Documents/InstalledTools/VCS2022/vcs/T-2022.06-SP2-6/etc/uvm/base/uvm_report_catcher.svh'.
Back to file '/home/vlsilab/Documents/InstalledTools/VCS2022/vcs/T-2022.06-SP2-6/etc/uvm/base/uvm_base.svh'.
Parsing included file '/home/vlsilab/Documents/InstalledTools/VCS2022/vcs/T-2022.06-SP2-6/etc/uvm/base/uvm_report_server.svh'.
Back to file '/home/vlsilab/Documents/InstalledTools/VCS2022/vcs/T-2022.06-SP2-6/etc/uvm/base/uvm_base.svh'.
Parsing included file '/home/vlsilab/Documents/InstalledTools/VCS2022/vcs/T-2022.06-SP2-6/etc/uvm/base/uvm_report_handler.svh'.
Back to file '/home/vlsilab/Documents/InstalledTools/VCS2022/vcs/T-2022.06-SP2-6/etc/uvm/base/uvm_base.svh'.
Parsing included file '/home/vlsilab/Documents/InstalledTools/VCS2022/vcs/T-2022.06-SP2-6/etc/uvm/base/uvm_report_object.svh'.
Back to file '/home/vlsilab/Documents/InstalledTools/VCS2022/vcs/T-2022.06-SP2-6/etc/uvm/base/uvm_base.svh'.
Parsing included file '/home/vlsilab/Documents/InstalledTools/VCS2022/vcs/T-2022.06-SP2-6/etc/uvm/base/uvm_transaction.svh'.
Back to file '/home/vlsilab/Documents/InstalledTools/VCS2022/vcs/T-2022.06-SP2-6/etc/uvm/base/uvm_base.svh'.
Parsing included file '/home/vlsilab/Documents/InstalledTools/VCS2022/vcs/T-2022.06-SP2-6/etc/uvm/base/uvm_phase.svh'.
Back to file '/home/vlsilab/Documents/InstalledTools/VCS2022/vcs/T-2022.06-SP2-6/etc/uvm/base/uvm_base.svh'.
Parsing included file '/home/vlsilab/Documents/InstalledTools/VCS2022/vcs/T-2022.06-SP2-6/etc/uvm/base/uvm_domain.svh'.
Back to file '/home/vlsilab/Documents/InstalledTools/VCS2022/vcs/T-2022.06-SP2-6/etc/uvm/base/uvm_base.svh'.
Parsing included file '/home/vlsilab/Documents/InstalledTools/VCS2022/vcs/T-2022.06-SP2-6/etc/uvm/base/uvm_bottomup_phase.svh'.
Back to file '/home/vlsilab/Documents/InstalledTools/VCS2022/vcs/T-2022.06-SP2-6/etc/uvm/base/uvm_base.svh'.
Parsing included file '/home/vlsilab/Documents/InstalledTools/VCS2022/vcs/T-2022.06-SP2-6/etc/uvm/base/uvm_topdown_phase.svh'.
Back to file '/home/vlsilab/Documents/InstalledTools/VCS2022/vcs/T-2022.06-SP2-6/etc/uvm/base/uvm_base.svh'.
Parsing included file '/home/vlsilab/Documents/InstalledTools/VCS2022/vcs/T-2022.06-SP2-6/etc/uvm/base/uvm_task_phase.svh'.
Back to file '/home/vlsilab/Documents/InstalledTools/VCS2022/vcs/T-2022.06-SP2-6/etc/uvm/base/uvm_base.svh'.
Parsing included file '/home/vlsilab/Documents/InstalledTools/VCS2022/vcs/T-2022.06-SP2-6/etc/uvm/base/uvm_common_phases.svh'.
Back to file '/home/vlsilab/Documents/InstalledTools/VCS2022/vcs/T-2022.06-SP2-6/etc/uvm/base/uvm_base.svh'.
Parsing included file '/home/vlsilab/Documents/InstalledTools/VCS2022/vcs/T-2022.06-SP2-6/etc/uvm/base/uvm_runtime_phases.svh'.
Back to file '/home/vlsilab/Documents/InstalledTools/VCS2022/vcs/T-2022.06-SP2-6/etc/uvm/base/uvm_base.svh'.
Parsing included file '/home/vlsilab/Documents/InstalledTools/VCS2022/vcs/T-2022.06-SP2-6/etc/uvm/base/uvm_component.svh'.
Parsing included file '/home/vlsilab/Documents/InstalledTools/VCS2022/vcs/T-2022.06-SP2-6/etc/uvm/base/uvm_root.svh'.
Back to file '/home/vlsilab/Documents/InstalledTools/VCS2022/vcs/T-2022.06-SP2-6/etc/uvm/base/uvm_component.svh'.
Back to file '/home/vlsilab/Documents/InstalledTools/VCS2022/vcs/T-2022.06-SP2-6/etc/uvm/base/uvm_base.svh'.
Parsing included file '/home/vlsilab/Documents/InstalledTools/VCS2022/vcs/T-2022.06-SP2-6/etc/uvm/base/uvm_objection.svh'.
Back to file '/home/vlsilab/Documents/InstalledTools/VCS2022/vcs/T-2022.06-SP2-6/etc/uvm/base/uvm_base.svh'.
Parsing included file '/home/vlsilab/Documents/InstalledTools/VCS2022/vcs/T-2022.06-SP2-6/etc/uvm/base/uvm_heartbeat.svh'.
Back to file '/home/vlsilab/Documents/InstalledTools/VCS2022/vcs/T-2022.06-SP2-6/etc/uvm/base/uvm_base.svh'.
Parsing included file '/home/vlsilab/Documents/InstalledTools/VCS2022/vcs/T-2022.06-SP2-6/etc/uvm/base/uvm_globals.svh'.
Back to file '/home/vlsilab/Documents/InstalledTools/VCS2022/vcs/T-2022.06-SP2-6/etc/uvm/base/uvm_base.svh'.
Parsing included file '/home/vlsilab/Documents/InstalledTools/VCS2022/vcs/T-2022.06-SP2-6/etc/uvm/base/uvm_cmdline_processor.svh'.
Back to file '/home/vlsilab/Documents/InstalledTools/VCS2022/vcs/T-2022.06-SP2-6/etc/uvm/base/uvm_base.svh'.
Back to file '/home/vlsilab/Documents/InstalledTools/VCS2022/vcs/T-2022.06-SP2-6/etc/uvm/uvm_pkg.sv'.
Parsing included file '/home/vlsilab/Documents/InstalledTools/VCS2022/vcs/T-2022.06-SP2-6/etc/uvm/tlm1/uvm_tlm.svh'.
Parsing included file '/home/vlsilab/Documents/InstalledTools/VCS2022/vcs/T-2022.06-SP2-6/etc/uvm/tlm1/uvm_tlm_ifs.svh'.
Back to file '/home/vlsilab/Documents/InstalledTools/VCS2022/vcs/T-2022.06-SP2-6/etc/uvm/tlm1/uvm_tlm.svh'.
Parsing included file '/home/vlsilab/Documents/InstalledTools/VCS2022/vcs/T-2022.06-SP2-6/etc/uvm/tlm1/uvm_sqr_ifs.svh'.
Back to file '/home/vlsilab/Documents/InstalledTools/VCS2022/vcs/T-2022.06-SP2-6/etc/uvm/tlm1/uvm_tlm.svh'.
Parsing included file '/home/vlsilab/Documents/InstalledTools/VCS2022/vcs/T-2022.06-SP2-6/etc/uvm/base/uvm_port_base.svh'.
Back to file '/home/vlsilab/Documents/InstalledTools/VCS2022/vcs/T-2022.06-SP2-6/etc/uvm/tlm1/uvm_tlm.svh'.
Parsing included file '/home/vlsilab/Documents/InstalledTools/VCS2022/vcs/T-2022.06-SP2-6/etc/uvm/tlm1/uvm_tlm_imps.svh'.
Back to file '/home/vlsilab/Documents/InstalledTools/VCS2022/vcs/T-2022.06-SP2-6/etc/uvm/tlm1/uvm_tlm.svh'.
Parsing included file '/home/vlsilab/Documents/InstalledTools/VCS2022/vcs/T-2022.06-SP2-6/etc/uvm/tlm1/uvm_imps.svh'.
Back to file '/home/vlsilab/Documents/InstalledTools/VCS2022/vcs/T-2022.06-SP2-6/etc/uvm/tlm1/uvm_tlm.svh'.
Parsing included file '/home/vlsilab/Documents/InstalledTools/VCS2022/vcs/T-2022.06-SP2-6/etc/uvm/tlm1/uvm_ports.svh'.
Back to file '/home/vlsilab/Documents/InstalledTools/VCS2022/vcs/T-2022.06-SP2-6/etc/uvm/tlm1/uvm_tlm.svh'.
Parsing included file '/home/vlsilab/Documents/InstalledTools/VCS2022/vcs/T-2022.06-SP2-6/etc/uvm/tlm1/uvm_exports.svh'.
Back to file '/home/vlsilab/Documents/InstalledTools/VCS2022/vcs/T-2022.06-SP2-6/etc/uvm/tlm1/uvm_tlm.svh'.
Parsing included file '/home/vlsilab/Documents/InstalledTools/VCS2022/vcs/T-2022.06-SP2-6/etc/uvm/tlm1/uvm_analysis_port.svh'.
Back to file '/home/vlsilab/Documents/InstalledTools/VCS2022/vcs/T-2022.06-SP2-6/etc/uvm/tlm1/uvm_tlm.svh'.
Parsing included file '/home/vlsilab/Documents/InstalledTools/VCS2022/vcs/T-2022.06-SP2-6/etc/uvm/tlm1/uvm_tlm_fifo_base.svh'.
Back to file '/home/vlsilab/Documents/InstalledTools/VCS2022/vcs/T-2022.06-SP2-6/etc/uvm/tlm1/uvm_tlm.svh'.
Parsing included file '/home/vlsilab/Documents/InstalledTools/VCS2022/vcs/T-2022.06-SP2-6/etc/uvm/tlm1/uvm_tlm_fifos.svh'.
Back to file '/home/vlsilab/Documents/InstalledTools/VCS2022/vcs/T-2022.06-SP2-6/etc/uvm/tlm1/uvm_tlm.svh'.
Parsing included file '/home/vlsilab/Documents/InstalledTools/VCS2022/vcs/T-2022.06-SP2-6/etc/uvm/tlm1/uvm_tlm_req_rsp.svh'.
Back to file '/home/vlsilab/Documents/InstalledTools/VCS2022/vcs/T-2022.06-SP2-6/etc/uvm/tlm1/uvm_tlm.svh'.
Parsing included file '/home/vlsilab/Documents/InstalledTools/VCS2022/vcs/T-2022.06-SP2-6/etc/uvm/tlm1/uvm_sqr_connections.svh'.
Back to file '/home/vlsilab/Documents/InstalledTools/VCS2022/vcs/T-2022.06-SP2-6/etc/uvm/tlm1/uvm_tlm.svh'.
Back to file '/home/vlsilab/Documents/InstalledTools/VCS2022/vcs/T-2022.06-SP2-6/etc/uvm/uvm_pkg.sv'.
Parsing included file '/home/vlsilab/Documents/InstalledTools/VCS2022/vcs/T-2022.06-SP2-6/etc/uvm/comps/uvm_comps.svh'.
Parsing included file '/home/vlsilab/Documents/InstalledTools/VCS2022/vcs/T-2022.06-SP2-6/etc/uvm/comps/uvm_pair.svh'.
Back to file '/home/vlsilab/Documents/InstalledTools/VCS2022/vcs/T-2022.06-SP2-6/etc/uvm/comps/uvm_comps.svh'.
Parsing included file '/home/vlsilab/Documents/InstalledTools/VCS2022/vcs/T-2022.06-SP2-6/etc/uvm/comps/uvm_policies.svh'.
Back to file '/home/vlsilab/Documents/InstalledTools/VCS2022/vcs/T-2022.06-SP2-6/etc/uvm/comps/uvm_comps.svh'.
Parsing included file '/home/vlsilab/Documents/InstalledTools/VCS2022/vcs/T-2022.06-SP2-6/etc/uvm/comps/uvm_in_order_comparator.svh'.
Back to file '/home/vlsilab/Documents/InstalledTools/VCS2022/vcs/T-2022.06-SP2-6/etc/uvm/comps/uvm_comps.svh'.
Parsing included file '/home/vlsilab/Documents/InstalledTools/VCS2022/vcs/T-2022.06-SP2-6/etc/uvm/comps/uvm_algorithmic_comparator.svh'.
Back to file '/home/vlsilab/Documents/InstalledTools/VCS2022/vcs/T-2022.06-SP2-6/etc/uvm/comps/uvm_comps.svh'.
Parsing included file '/home/vlsilab/Documents/InstalledTools/VCS2022/vcs/T-2022.06-SP2-6/etc/uvm/comps/uvm_random_stimulus.svh'.
Back to file '/home/vlsilab/Documents/InstalledTools/VCS2022/vcs/T-2022.06-SP2-6/etc/uvm/comps/uvm_comps.svh'.
Parsing included file '/home/vlsilab/Documents/InstalledTools/VCS2022/vcs/T-2022.06-SP2-6/etc/uvm/comps/uvm_subscriber.svh'.
Back to file '/home/vlsilab/Documents/InstalledTools/VCS2022/vcs/T-2022.06-SP2-6/etc/uvm/comps/uvm_comps.svh'.
Parsing included file '/home/vlsilab/Documents/InstalledTools/VCS2022/vcs/T-2022.06-SP2-6/etc/uvm/comps/uvm_monitor.svh'.
Back to file '/home/vlsilab/Documents/InstalledTools/VCS2022/vcs/T-2022.06-SP2-6/etc/uvm/comps/uvm_comps.svh'.
Parsing included file '/home/vlsilab/Documents/InstalledTools/VCS2022/vcs/T-2022.06-SP2-6/etc/uvm/comps/uvm_driver.svh'.
Back to file '/home/vlsilab/Documents/InstalledTools/VCS2022/vcs/T-2022.06-SP2-6/etc/uvm/comps/uvm_comps.svh'.
Parsing included file '/home/vlsilab/Documents/InstalledTools/VCS2022/vcs/T-2022.06-SP2-6/etc/uvm/comps/uvm_push_driver.svh'.
Back to file '/home/vlsilab/Documents/InstalledTools/VCS2022/vcs/T-2022.06-SP2-6/etc/uvm/comps/uvm_comps.svh'.
Parsing included file '/home/vlsilab/Documents/InstalledTools/VCS2022/vcs/T-2022.06-SP2-6/etc/uvm/comps/uvm_scoreboard.svh'.
Back to file '/home/vlsilab/Documents/InstalledTools/VCS2022/vcs/T-2022.06-SP2-6/etc/uvm/comps/uvm_comps.svh'.
Parsing included file '/home/vlsilab/Documents/InstalledTools/VCS2022/vcs/T-2022.06-SP2-6/etc/uvm/comps/uvm_agent.svh'.
Back to file '/home/vlsilab/Documents/InstalledTools/VCS2022/vcs/T-2022.06-SP2-6/etc/uvm/comps/uvm_comps.svh'.
Parsing included file '/home/vlsilab/Documents/InstalledTools/VCS2022/vcs/T-2022.06-SP2-6/etc/uvm/comps/uvm_env.svh'.
Back to file '/home/vlsilab/Documents/InstalledTools/VCS2022/vcs/T-2022.06-SP2-6/etc/uvm/comps/uvm_comps.svh'.
Parsing included file '/home/vlsilab/Documents/InstalledTools/VCS2022/vcs/T-2022.06-SP2-6/etc/uvm/comps/uvm_test.svh'.
Back to file '/home/vlsilab/Documents/InstalledTools/VCS2022/vcs/T-2022.06-SP2-6/etc/uvm/comps/uvm_comps.svh'.
Back to file '/home/vlsilab/Documents/InstalledTools/VCS2022/vcs/T-2022.06-SP2-6/etc/uvm/uvm_pkg.sv'.
Parsing included file '/home/vlsilab/Documents/InstalledTools/VCS2022/vcs/T-2022.06-SP2-6/etc/uvm/seq/uvm_seq.svh'.
Parsing included file '/home/vlsilab/Documents/InstalledTools/VCS2022/vcs/T-2022.06-SP2-6/etc/uvm/seq/uvm_sequence_item.svh'.
Back to file '/home/vlsilab/Documents/InstalledTools/VCS2022/vcs/T-2022.06-SP2-6/etc/uvm/seq/uvm_seq.svh'.
Parsing included file '/home/vlsilab/Documents/InstalledTools/VCS2022/vcs/T-2022.06-SP2-6/etc/uvm/seq/uvm_sequencer_base.svh'.
Back to file '/home/vlsilab/Documents/InstalledTools/VCS2022/vcs/T-2022.06-SP2-6/etc/uvm/seq/uvm_seq.svh'.
Parsing included file '/home/vlsilab/Documents/InstalledTools/VCS2022/vcs/T-2022.06-SP2-6/etc/uvm/seq/uvm_sequencer_analysis_fifo.svh'.
Back to file '/home/vlsilab/Documents/InstalledTools/VCS2022/vcs/T-2022.06-SP2-6/etc/uvm/seq/uvm_seq.svh'.
Parsing included file '/home/vlsilab/Documents/InstalledTools/VCS2022/vcs/T-2022.06-SP2-6/etc/uvm/seq/uvm_sequencer_param_base.svh'.
Back to file '/home/vlsilab/Documents/InstalledTools/VCS2022/vcs/T-2022.06-SP2-6/etc/uvm/seq/uvm_seq.svh'.
Parsing included file '/home/vlsilab/Documents/InstalledTools/VCS2022/vcs/T-2022.06-SP2-6/etc/uvm/seq/uvm_sequencer.svh'.
Back to file '/home/vlsilab/Documents/InstalledTools/VCS2022/vcs/T-2022.06-SP2-6/etc/uvm/seq/uvm_seq.svh'.
Parsing included file '/home/vlsilab/Documents/InstalledTools/VCS2022/vcs/T-2022.06-SP2-6/etc/uvm/seq/uvm_push_sequencer.svh'.
Back to file '/home/vlsilab/Documents/InstalledTools/VCS2022/vcs/T-2022.06-SP2-6/etc/uvm/seq/uvm_seq.svh'.
Parsing included file '/home/vlsilab/Documents/InstalledTools/VCS2022/vcs/T-2022.06-SP2-6/etc/uvm/seq/uvm_sequence_base.svh'.
Back to file '/home/vlsilab/Documents/InstalledTools/VCS2022/vcs/T-2022.06-SP2-6/etc/uvm/seq/uvm_seq.svh'.
Parsing included file '/home/vlsilab/Documents/InstalledTools/VCS2022/vcs/T-2022.06-SP2-6/etc/uvm/seq/uvm_sequence.svh'.
Back to file '/home/vlsilab/Documents/InstalledTools/VCS2022/vcs/T-2022.06-SP2-6/etc/uvm/seq/uvm_seq.svh'.
Parsing included file '/home/vlsilab/Documents/InstalledTools/VCS2022/vcs/T-2022.06-SP2-6/etc/uvm/seq/uvm_sequence_library.svh'.
Back to file '/home/vlsilab/Documents/InstalledTools/VCS2022/vcs/T-2022.06-SP2-6/etc/uvm/seq/uvm_seq.svh'.
Parsing included file '/home/vlsilab/Documents/InstalledTools/VCS2022/vcs/T-2022.06-SP2-6/etc/uvm/seq/uvm_sequence_builtin.svh'.
Back to file '/home/vlsilab/Documents/InstalledTools/VCS2022/vcs/T-2022.06-SP2-6/etc/uvm/seq/uvm_seq.svh'.
Back to file '/home/vlsilab/Documents/InstalledTools/VCS2022/vcs/T-2022.06-SP2-6/etc/uvm/uvm_pkg.sv'.
Parsing included file '/home/vlsilab/Documents/InstalledTools/VCS2022/vcs/T-2022.06-SP2-6/etc/uvm/tlm2/uvm_tlm2.svh'.
Parsing included file '/home/vlsilab/Documents/InstalledTools/VCS2022/vcs/T-2022.06-SP2-6/etc/uvm/tlm2/uvm_tlm2_defines.svh'.
Back to file '/home/vlsilab/Documents/InstalledTools/VCS2022/vcs/T-2022.06-SP2-6/etc/uvm/tlm2/uvm_tlm2.svh'.
Parsing included file '/home/vlsilab/Documents/InstalledTools/VCS2022/vcs/T-2022.06-SP2-6/etc/uvm/tlm2/uvm_tlm2_time.svh'.
Back to file '/home/vlsilab/Documents/InstalledTools/VCS2022/vcs/T-2022.06-SP2-6/etc/uvm/tlm2/uvm_tlm2.svh'.
Parsing included file '/home/vlsilab/Documents/InstalledTools/VCS2022/vcs/T-2022.06-SP2-6/etc/uvm/tlm2/uvm_tlm2_generic_payload.svh'.
Back to file '/home/vlsilab/Documents/InstalledTools/VCS2022/vcs/T-2022.06-SP2-6/etc/uvm/tlm2/uvm_tlm2.svh'.
Parsing included file '/home/vlsilab/Documents/InstalledTools/VCS2022/vcs/T-2022.06-SP2-6/etc/uvm/tlm2/uvm_tlm2_ifs.svh'.
Back to file '/home/vlsilab/Documents/InstalledTools/VCS2022/vcs/T-2022.06-SP2-6/etc/uvm/tlm2/uvm_tlm2.svh'.
Parsing included file '/home/vlsilab/Documents/InstalledTools/VCS2022/vcs/T-2022.06-SP2-6/etc/uvm/tlm2/uvm_tlm2_imps.svh'.
Back to file '/home/vlsilab/Documents/InstalledTools/VCS2022/vcs/T-2022.06-SP2-6/etc/uvm/tlm2/uvm_tlm2.svh'.
Parsing included file '/home/vlsilab/Documents/InstalledTools/VCS2022/vcs/T-2022.06-SP2-6/etc/uvm/tlm2/uvm_tlm2_ports.svh'.
Back to file '/home/vlsilab/Documents/InstalledTools/VCS2022/vcs/T-2022.06-SP2-6/etc/uvm/tlm2/uvm_tlm2.svh'.
Parsing included file '/home/vlsilab/Documents/InstalledTools/VCS2022/vcs/T-2022.06-SP2-6/etc/uvm/tlm2/uvm_tlm2_exports.svh'.
Back to file '/home/vlsilab/Documents/InstalledTools/VCS2022/vcs/T-2022.06-SP2-6/etc/uvm/tlm2/uvm_tlm2.svh'.
Parsing included file '/home/vlsilab/Documents/InstalledTools/VCS2022/vcs/T-2022.06-SP2-6/etc/uvm/tlm2/uvm_tlm2_sockets_base.svh'.
Back to file '/home/vlsilab/Documents/InstalledTools/VCS2022/vcs/T-2022.06-SP2-6/etc/uvm/tlm2/uvm_tlm2.svh'.
Parsing included file '/home/vlsilab/Documents/InstalledTools/VCS2022/vcs/T-2022.06-SP2-6/etc/uvm/tlm2/uvm_tlm2_sockets.svh'.
Back to file '/home/vlsilab/Documents/InstalledTools/VCS2022/vcs/T-2022.06-SP2-6/etc/uvm/tlm2/uvm_tlm2.svh'.
Back to file '/home/vlsilab/Documents/InstalledTools/VCS2022/vcs/T-2022.06-SP2-6/etc/uvm/uvm_pkg.sv'.
Parsing included file '/home/vlsilab/Documents/InstalledTools/VCS2022/vcs/T-2022.06-SP2-6/etc/uvm/reg/uvm_reg_model.svh'.
Parsing included file '/home/vlsilab/Documents/InstalledTools/VCS2022/vcs/T-2022.06-SP2-6/etc/uvm/reg/uvm_reg_item.svh'.
Back to file '/home/vlsilab/Documents/InstalledTools/VCS2022/vcs/T-2022.06-SP2-6/etc/uvm/reg/uvm_reg_model.svh'.
Parsing included file '/home/vlsilab/Documents/InstalledTools/VCS2022/vcs/T-2022.06-SP2-6/etc/uvm/reg/uvm_reg_adapter.svh'.
Back to file '/home/vlsilab/Documents/InstalledTools/VCS2022/vcs/T-2022.06-SP2-6/etc/uvm/reg/uvm_reg_model.svh'.
Parsing included file '/home/vlsilab/Documents/InstalledTools/VCS2022/vcs/T-2022.06-SP2-6/etc/uvm/reg/uvm_reg_predictor.svh'.
Back to file '/home/vlsilab/Documents/InstalledTools/VCS2022/vcs/T-2022.06-SP2-6/etc/uvm/reg/uvm_reg_model.svh'.
Parsing included file '/home/vlsilab/Documents/InstalledTools/VCS2022/vcs/T-2022.06-SP2-6/etc/uvm/reg/uvm_reg_sequence.svh'.
Back to file '/home/vlsilab/Documents/InstalledTools/VCS2022/vcs/T-2022.06-SP2-6/etc/uvm/reg/uvm_reg_model.svh'.
Parsing included file '/home/vlsilab/Documents/InstalledTools/VCS2022/vcs/T-2022.06-SP2-6/etc/uvm/reg/uvm_reg_cbs.svh'.
Back to file '/home/vlsilab/Documents/InstalledTools/VCS2022/vcs/T-2022.06-SP2-6/etc/uvm/reg/uvm_reg_model.svh'.
Parsing included file '/home/vlsilab/Documents/InstalledTools/VCS2022/vcs/T-2022.06-SP2-6/etc/uvm/reg/uvm_reg_backdoor.svh'.
Back to file '/home/vlsilab/Documents/InstalledTools/VCS2022/vcs/T-2022.06-SP2-6/etc/uvm/reg/uvm_reg_model.svh'.
Parsing included file '/home/vlsilab/Documents/InstalledTools/VCS2022/vcs/T-2022.06-SP2-6/etc/uvm/reg/uvm_reg_field.svh'.
Back to file '/home/vlsilab/Documents/InstalledTools/VCS2022/vcs/T-2022.06-SP2-6/etc/uvm/reg/uvm_reg_model.svh'.
Parsing included file '/home/vlsilab/Documents/InstalledTools/VCS2022/vcs/T-2022.06-SP2-6/etc/uvm/reg/uvm_vreg_field.svh'.
Back to file '/home/vlsilab/Documents/InstalledTools/VCS2022/vcs/T-2022.06-SP2-6/etc/uvm/reg/uvm_reg_model.svh'.
Parsing included file '/home/vlsilab/Documents/InstalledTools/VCS2022/vcs/T-2022.06-SP2-6/etc/uvm/reg/uvm_reg.svh'.
Back to file '/home/vlsilab/Documents/InstalledTools/VCS2022/vcs/T-2022.06-SP2-6/etc/uvm/reg/uvm_reg_model.svh'.
Parsing included file '/home/vlsilab/Documents/InstalledTools/VCS2022/vcs/T-2022.06-SP2-6/etc/uvm/reg/uvm_reg_indirect.svh'.
Back to file '/home/vlsilab/Documents/InstalledTools/VCS2022/vcs/T-2022.06-SP2-6/etc/uvm/reg/uvm_reg_model.svh'.
Parsing included file '/home/vlsilab/Documents/InstalledTools/VCS2022/vcs/T-2022.06-SP2-6/etc/uvm/reg/uvm_reg_fifo.svh'.
Back to file '/home/vlsilab/Documents/InstalledTools/VCS2022/vcs/T-2022.06-SP2-6/etc/uvm/reg/uvm_reg_model.svh'.
Parsing included file '/home/vlsilab/Documents/InstalledTools/VCS2022/vcs/T-2022.06-SP2-6/etc/uvm/reg/uvm_reg_file.svh'.
Back to file '/home/vlsilab/Documents/InstalledTools/VCS2022/vcs/T-2022.06-SP2-6/etc/uvm/reg/uvm_reg_model.svh'.
Parsing included file '/home/vlsilab/Documents/InstalledTools/VCS2022/vcs/T-2022.06-SP2-6/etc/uvm/reg/uvm_mem_mam.svh'.
Back to file '/home/vlsilab/Documents/InstalledTools/VCS2022/vcs/T-2022.06-SP2-6/etc/uvm/reg/uvm_reg_model.svh'.
Parsing included file '/home/vlsilab/Documents/InstalledTools/VCS2022/vcs/T-2022.06-SP2-6/etc/uvm/reg/uvm_vreg.svh'.
Back to file '/home/vlsilab/Documents/InstalledTools/VCS2022/vcs/T-2022.06-SP2-6/etc/uvm/reg/uvm_reg_model.svh'.
Parsing included file '/home/vlsilab/Documents/InstalledTools/VCS2022/vcs/T-2022.06-SP2-6/etc/uvm/reg/uvm_mem.svh'.
Back to file '/home/vlsilab/Documents/InstalledTools/VCS2022/vcs/T-2022.06-SP2-6/etc/uvm/reg/uvm_reg_model.svh'.
Parsing included file '/home/vlsilab/Documents/InstalledTools/VCS2022/vcs/T-2022.06-SP2-6/etc/uvm/reg/uvm_reg_map.svh'.
Back to file '/home/vlsilab/Documents/InstalledTools/VCS2022/vcs/T-2022.06-SP2-6/etc/uvm/reg/uvm_reg_model.svh'.
Parsing included file '/home/vlsilab/Documents/InstalledTools/VCS2022/vcs/T-2022.06-SP2-6/etc/uvm/reg/uvm_reg_block.svh'.
Back to file '/home/vlsilab/Documents/InstalledTools/VCS2022/vcs/T-2022.06-SP2-6/etc/uvm/reg/uvm_reg_model.svh'.
Parsing included file '/home/vlsilab/Documents/InstalledTools/VCS2022/vcs/T-2022.06-SP2-6/etc/uvm/reg/sequences/uvm_reg_hw_reset_seq.svh'.
Back to file '/home/vlsilab/Documents/InstalledTools/VCS2022/vcs/T-2022.06-SP2-6/etc/uvm/reg/uvm_reg_model.svh'.
Parsing included file '/home/vlsilab/Documents/InstalledTools/VCS2022/vcs/T-2022.06-SP2-6/etc/uvm/reg/sequences/uvm_reg_bit_bash_seq.svh'.
Back to file '/home/vlsilab/Documents/InstalledTools/VCS2022/vcs/T-2022.06-SP2-6/etc/uvm/reg/uvm_reg_model.svh'.
Parsing included file '/home/vlsilab/Documents/InstalledTools/VCS2022/vcs/T-2022.06-SP2-6/etc/uvm/reg/sequences/uvm_mem_walk_seq.svh'.
Back to file '/home/vlsilab/Documents/InstalledTools/VCS2022/vcs/T-2022.06-SP2-6/etc/uvm/reg/uvm_reg_model.svh'.
Parsing included file '/home/vlsilab/Documents/InstalledTools/VCS2022/vcs/T-2022.06-SP2-6/etc/uvm/reg/sequences/uvm_mem_access_seq.svh'.
Back to file '/home/vlsilab/Documents/InstalledTools/VCS2022/vcs/T-2022.06-SP2-6/etc/uvm/reg/uvm_reg_model.svh'.
Parsing included file '/home/vlsilab/Documents/InstalledTools/VCS2022/vcs/T-2022.06-SP2-6/etc/uvm/reg/sequences/uvm_reg_access_seq.svh'.
Back to file '/home/vlsilab/Documents/InstalledTools/VCS2022/vcs/T-2022.06-SP2-6/etc/uvm/reg/uvm_reg_model.svh'.
Parsing included file '/home/vlsilab/Documents/InstalledTools/VCS2022/vcs/T-2022.06-SP2-6/etc/uvm/reg/sequences/uvm_reg_mem_shared_access_seq.svh'.
Back to file '/home/vlsilab/Documents/InstalledTools/VCS2022/vcs/T-2022.06-SP2-6/etc/uvm/reg/uvm_reg_model.svh'.
Parsing included file '/home/vlsilab/Documents/InstalledTools/VCS2022/vcs/T-2022.06-SP2-6/etc/uvm/reg/sequences/uvm_reg_mem_built_in_seq.svh'.
Back to file '/home/vlsilab/Documents/InstalledTools/VCS2022/vcs/T-2022.06-SP2-6/etc/uvm/reg/uvm_reg_model.svh'.
Parsing included file '/home/vlsilab/Documents/InstalledTools/VCS2022/vcs/T-2022.06-SP2-6/etc/uvm/reg/sequences/uvm_reg_mem_hdl_paths_seq.svh'.
Back to file '/home/vlsilab/Documents/InstalledTools/VCS2022/vcs/T-2022.06-SP2-6/etc/uvm/reg/uvm_reg_model.svh'.
Parsing included file '/home/vlsilab/Documents/InstalledTools/VCS2022/vcs/T-2022.06-SP2-6/etc/uvm/reg/snps_uvm_reg_bank.svh'.
Back to file '/home/vlsilab/Documents/InstalledTools/VCS2022/vcs/T-2022.06-SP2-6/etc/uvm/reg/uvm_reg_model.svh'.
Back to file '/home/vlsilab/Documents/InstalledTools/VCS2022/vcs/T-2022.06-SP2-6/etc/uvm/uvm_pkg.sv'.
Parsing included file '/home/vlsilab/Documents/InstalledTools/VCS2022/vcs/T-2022.06-SP2-6/etc/uvm/vcs/vcs_uvm_alt.sv'.
Back to file '/home/vlsilab/Documents/InstalledTools/VCS2022/vcs/T-2022.06-SP2-6/etc/uvm/uvm_pkg.sv'.
Parsing design file '/home/vlsilab/Documents/InstalledTools/VCS2022/vcs/T-2022.06-SP2-6/etc/uvm/uvm_pkg.sv'
Parsing design file '/home/vlsilab/Documents/InstalledTools/VCS2022/vcs/T-2022.06-SP2-6/etc/uvm/vcs/uvm_custom_install_vcs_recorder.sv'
Parsing included file '/home/vlsilab/Documents/InstalledTools/VCS2022/vcs/T-2022.06-SP2-6/etc/uvm/vcs/msglog.svh'.
Back to file '/home/vlsilab/Documents/InstalledTools/VCS2022/vcs/T-2022.06-SP2-6/etc/uvm/vcs/uvm_custom_install_vcs_recorder.sv'.
Parsing included file '/home/vlsilab/Documents/InstalledTools/VCS2022/vcs/T-2022.06-SP2-6/etc/uvm/vcs/uvm_msglog_report_server.sv'.
Back to file '/home/vlsilab/Documents/InstalledTools/VCS2022/vcs/T-2022.06-SP2-6/etc/uvm/vcs/uvm_custom_install_vcs_recorder.sv'.
Parsing included file '/home/vlsilab/Documents/InstalledTools/VCS2022/vcs/T-2022.06-SP2-6/etc/uvm/vcs/uvm_vcs_recorder.svh'.
Back to file '/home/vlsilab/Documents/InstalledTools/VCS2022/vcs/T-2022.06-SP2-6/etc/uvm/vcs/uvm_custom_install_vcs_recorder.sv'.
Parsing included file '/home/vlsilab/Documents/InstalledTools/VCS2022/vcs/T-2022.06-SP2-6/etc/uvm/vcs/uvm_vcs_record_interface.sv'.
Back to file '/home/vlsilab/Documents/InstalledTools/VCS2022/vcs/T-2022.06-SP2-6/etc/uvm/vcs/uvm_custom_install_vcs_recorder.sv'.
Parsing design file '/home/vlsilab/Documents/InstalledTools/VCS2022/vcs/T-2022.06-SP2-6/etc/uvm/verdi/uvm_custom_install_verdi_recorder.sv'
Parsing included file '/home/vlsilab/Documents/InstalledTools/VCS2022/vcs/T-2022.06-SP2-6/etc/uvm/uvm_macros.svh'.
Back to file '/home/vlsilab/Documents/InstalledTools/VCS2022/vcs/T-2022.06-SP2-6/etc/uvm/verdi/uvm_custom_install_verdi_recorder.sv'.
Parsing included file '/home/vlsilab/Documents/InstalledTools/VCS2022/vcs/T-2022.06-SP2-6/etc/uvm/verdi/uvm_verdi_recorder.svh'.
Parsing included file '/home/vlsilab/Documents/InstalledTools/VCS2022/vcs/T-2022.06-SP2-6/etc/uvm/verdi/uvm_verdi_pli_base.svh'.
Back to file '/home/vlsilab/Documents/InstalledTools/VCS2022/vcs/T-2022.06-SP2-6/etc/uvm/verdi/uvm_verdi_recorder.svh'.
Back to file '/home/vlsilab/Documents/InstalledTools/VCS2022/vcs/T-2022.06-SP2-6/etc/uvm/verdi/uvm_custom_install_verdi_recorder.sv'.
Parsing included file '/home/vlsilab/Documents/InstalledTools/VCS2022/vcs/T-2022.06-SP2-6/etc/uvm/verdi/uvm_verdi_reg_map_recording.sv'.
Back to file '/home/vlsilab/Documents/InstalledTools/VCS2022/vcs/T-2022.06-SP2-6/etc/uvm/verdi/uvm_custom_install_verdi_recorder.sv'.
Parsing included file '/home/vlsilab/Documents/InstalledTools/VCS2022/vcs/T-2022.06-SP2-6/etc/uvm/verdi/uvm_verdi_message_catcher.svh'.
Parsing included file '/home/vlsilab/Documents/InstalledTools/VCS2022/vcs/T-2022.06-SP2-6/etc/uvm/verdi/uvm_verdi_pli_base.svh'.
Back to file '/home/vlsilab/Documents/InstalledTools/VCS2022/vcs/T-2022.06-SP2-6/etc/uvm/verdi/uvm_verdi_message_catcher.svh'.
Back to file '/home/vlsilab/Documents/InstalledTools/VCS2022/vcs/T-2022.06-SP2-6/etc/uvm/verdi/uvm_custom_install_verdi_recorder.sv'.
Parsing included file '/home/vlsilab/Documents/InstalledTools/VCS2022/vcs/T-2022.06-SP2-6/etc/uvm/verdi/./dpi/uvm_verdi_dpi.svh'.
Back to file '/home/vlsilab/Documents/InstalledTools/VCS2022/vcs/T-2022.06-SP2-6/etc/uvm/verdi/uvm_custom_install_verdi_recorder.sv'.
Parsing included file '/home/vlsilab/Documents/InstalledTools/VCS2022/vcs/T-2022.06-SP2-6/etc/uvm/verdi/uvm_verdi_reg_recording.sv'.
Back to file '/home/vlsilab/Documents/InstalledTools/VCS2022/vcs/T-2022.06-SP2-6/etc/uvm/verdi/uvm_custom_install_verdi_recorder.sv'.
Parsing included file '/home/vlsilab/Documents/InstalledTools/Verdi/verdi/T-2022.06-SP2-8/share/PLI/VCS/include/verdi_trans_recorder_dpi.svh'.
Back to file '/home/vlsilab/Documents/InstalledTools/VCS2022/vcs/T-2022.06-SP2-6/etc/uvm/verdi/uvm_custom_install_verdi_recorder.sv'.
Parsing included file '/home/vlsilab/Documents/InstalledTools/VCS2022/vcs/T-2022.06-SP2-6/etc/uvm/verdi/uvm_verdi_pli.svh'.
Back to file '/home/vlsilab/Documents/InstalledTools/VCS2022/vcs/T-2022.06-SP2-6/etc/uvm/verdi/uvm_custom_install_verdi_recorder.sv'.
Parsing design file '/home/vlsilab/Documents/InstalledTools/VCS2022/vcs/T-2022.06-SP2-6/etc/uvm/verdi/uvm_custom_install_verdi_recorder.sv'
Parsing design file 'saed90nm.v'
Parsing design file 'Risc_16_bit_netlist_scan.v'
Parsing design file 'Risc_16_bit_SA_Internal_scan_parallel_max_tb.v'

Note-[PC_SKIP_FULLDR] Skipping partcomp design resolution
  Skipping partition compile global design resolution as there was no change 
  in the global view of design

SYNOPSYS_SIM_SETUP=simv.daidir/synopsys_sim.setup VCS_LCAMSG_PRINT_OFF=1 /home/vlsilab/Documents/InstalledTools/VCS2022/vcs/T-2022.06-SP2-6/bin/vcs -partcomp_dir=partitionlib  -partcomp=stitch -file simv.daidir/.partcomp_stitch_options -Xpiyushb1=0x80 -sverilog  -full64    -Xvcsdb=0x400    -file simv.daidir/.partcomp_added_options   -file simv.daidir/.stitch_so_list -o simv output/topshell_partcomp.v -file simv.daidir/.topshell_list 

Warning-[LNX_OS_VERUN] Unsupported Linux version
  Linux version 'CentOS Stream release 8' is not supported on 'x86_64' 
  officially, assuming linux compatibility by default. Set VCS_ARCH_OVERRIDE 
  to linux or suse32 to override.
  Please refer to release notes for information on supported platforms.

*** Using vcs compiler /home/vlsilab/Documents/InstalledTools/VCS2022/vcs/T-2022.06-SP2-6/linux64/bin/vcs1 instead of /home/vlsilab/Documents/InstalledTools/VCS2022/vcs/T-2022.06-SP2-6/linux64/bin/vcs1...
                         Chronologic VCS (TM)
      Version T-2022.06-SP2-6_Full64 -- Sat Apr 13 09:43:35 2024

                    Copyright (c) 1991 - 2023 Synopsys, Inc.
   This software and the associated documentation are proprietary to Synopsys,
 Inc. This software may only be used in accordance with the terms and conditions
 of a written license agreement with Synopsys, Inc. All other use, reproduction,
   or distribution of this software is strictly prohibited.  Licensed Products
     communicate with Synopsys servers for the purpose of providing software
    updates, detecting software piracy and verifying that customers are using
    Licensed Products in conformity with the applicable License Key for such
  Licensed Products. Synopsys will use information gathered in connection with
    this process to deliver software updates and pursue software pirates and
                                   infringers.

 Inclusivity & Diversity - Visit SolvNetPlus to read the "Synopsys Statement on
            Inclusivity and Diversity" (Refer to article 000036315 at
                        https://solvnetplus.synopsys.com)


Warning-[DBGACC_USAGE] Option is not compatible with -debug_access
  The compile option '+nocelldefinepli+0' is not compatible with 
  '-debug_access'.  Option '+nocelldefinepli+0' is ignored.

Parsing design file 'output/topshell_partcomp.v'
Top Level Modules:
       uvm_custom_install_verdi_recording
       Risc_16_bit_test
TimeScale is 1 ps / 1 fs
Starting vcs inline pass...

Note-[VCS_PARAL] Parallel code-gen enabled
  VCS is running with parallel code generation(-j)...

9 modules and 0 UDP read.
CPU time: .110 seconds to compile + .017 seconds to elab
Done Verilog partition compilations
Done all partition compilations

rm -f _cuarc*.so _csrc*.so pre_vcsobj_*.so share_vcsobj_*.so
if [ -x ../simv ]; then chmod a-x ../simv; fi
g++  -o ../simv    -Wl,--whole-archive  -Wl,--no-whole-archive -Wl,-rpath='$ORIGIN'//simv.daidir//libvcspc  -rdynamic  -Wl,-rpath='$ORIGIN'/simv.daidir -Wl,-rpath=./simv.daidir -Wl,-rpath=/home/vlsilab/Documents/InstalledTools/VCS2022/vcs/T-2022.06-SP2-6/linux64/lib -L/home/vlsilab/Documents/InstalledTools/VCS2022/vcs/T-2022.06-SP2-6/linux64/lib  -Wl,-rpath-link=./  /usr/lib64/libnuma.so.1 uvm_dpi.o uvm_verdi_dpi.o   SIMB.o objs/SIM_d.o           rmapats_mop.o rmapats.o rmar.o   libvcspc__vcs_pc_package__xmMLv.so __vcs_pc_package__xmMLv_1_archive_1.so __vcs_pc_package__xmMLv_2_archive_1.so libvcspc__vcs_msglog_YUfb4c.so __vcs_msglog_YUfb4c_1_archive_1.so __vcs_msglog_YUfb4c_2_archive_1.so libvcspc_uvm_custom_install_verdi_recording_ya0YPc.so _uvm_custom_install_verdi_recording_ya0YPc_1_archive_1.so _uvm_custom_install_verdi_recording_ya0YPc_2_archive_1.so   pcomp_elab_code.so         -lvirsim -lerrorinf -lsnpsmalloc -lvfs    -lvcsnew -lsimprofile -luclinative /home/vlsilab/Documents/InstalledTools/VCS2022/vcs/T-2022.06-SP2-6/linux64/lib/vcs_tls.o   -Wl,-whole-archive  -lvcsucli    -Wl,-no-whole-archive       ./../simv.daidir/vc_hdrs.o  _vcs_pli_stub_.o   /home/vlsilab/Documents/InstalledTools/VCS2022/vcs/T-2022.06-SP2-6/linux64/lib/vcs_save_restore_new.o /home/vlsilab/Documents/InstalledTools/Verdi/verdi/T-2022.06-SP2-8/share/PLI/VCS/LINUX64/pli.a -ldl  -lc -lm -lpthread -ldl 
../simv up to date

Compilation Performance Summary
===============================
VCS started at        :  Sat Apr 13 09:43:33 2024
Elapsed time          :  3 sec
CPU Time              :  2.9 sec
Virtual memory size   :  523.3 MB
Resident set size     :  225.5 MB
Shared memory size    :  7.2 MB
Private memory size   :  218.3 MB
Major page faults     :  0
Machine name          :  localhost.localdomain
===============================

CPU time: 1.809 seconds to compile + .008 seconds to elab + .160 seconds to link
Verdi KDB elaboration is skipped because design is not changed
