Information: Updating design information... (UID-85)
Warning: Design 'aes' contains 1 high-fanout nets. A fanout number of 1000 will be used for delay calculations involving these nets. (TIM-134)
 
****************************************
Report : timing
        -path full
        -delay max
        -max_paths 1
Design : aes
Version: S-2021.06-SP5-3
Date   : Mon May 20 15:21:18 2024
****************************************

 # A fanout number of 1000 was used for high fanout net computations.

Operating Conditions: TYPICAL   Library: saed90nm_typ
Wire Load Model Mode: enclosed

  Startpoint: encdec_reg_reg
              (rising edge-triggered flip-flop clocked by clk)
  Endpoint: core/dec_block/block_w1_reg_reg[28]
            (rising edge-triggered flip-flop clocked by clk)
  Path Group: clk
  Path Type: max

  Des/Clust/Port     Wire Load Model       Library
  ------------------------------------------------
  aes                280000                saed90nm_typ
  aes_core           280000                saed90nm_typ
  aes_key_mem        280000                saed90nm_typ
  aes_decipher_block 70000                 saed90nm_typ

  Point                                                   Incr       Path
  --------------------------------------------------------------------------
  clock clk (rise edge)                                   0.00       0.00
  clock network delay (ideal)                             0.00       0.00
  encdec_reg_reg/CLK (SDFFARX1)                           0.00 #     0.00 r
  encdec_reg_reg/Q (SDFFARX1)                             0.23       0.23 f
  core/encdec (aes_core)                                  0.00       0.23 f
  core/U211/ZN (INVX0)                                    1.57       1.80 r
  core/U190/Q (AO22X1)                                    1.60       3.41 r
  core/keymem/round[2] (aes_key_mem)                      0.00       3.41 r
  core/keymem/U5954/ZN (INVX0)                            0.60       4.01 f
  core/keymem/U6176/QN (NOR2X0)                           0.61       4.62 r
  core/keymem/U6185/Q (AND2X1)                            0.64       5.25 r
  core/keymem/U5815/Z (NBUFFX2)                           1.36       6.61 r
  core/keymem/U5611/Z (NBUFFX2)                           1.24       7.86 r
  core/keymem/U6822/Q (AO22X1)                            1.36       9.22 r
  core/keymem/U6823/Q (AO221X1)                           0.66       9.88 r
  core/keymem/U6829/Q (OR4X1)                             0.80      10.69 r
  core/keymem/round_key[78] (aes_key_mem)                 0.00      10.69 r
  core/dec_block/round_key[78] (aes_decipher_block)       0.00      10.69 r
  core/dec_block/U1877/Q (XNOR2X1)                        1.56      12.25 r
  core/dec_block/U244/ZN (INVX0)                          0.69      12.94 f
  core/dec_block/U1819/Q (XNOR2X1)                        0.87      13.81 r
  core/dec_block/U1794/Q (XOR2X1)                         0.81      14.62 r
  core/dec_block/U1793/Q (XNOR2X1)                        0.81      15.44 r
  core/dec_block/U915/Q (XOR3X1)                          0.80      16.24 r
  core/dec_block/U914/Q (XOR3X1)                          0.70      16.94 f
  core/dec_block/U247/Q (XNOR2X1)                         0.57      17.51 f
  core/dec_block/U910/QN (OAI222X1)                       0.34      17.85 r
  core/dec_block/U909/Q (AO221X1)                         0.56      18.41 r
  core/dec_block/block_w1_reg_reg[28]/D (SDFFARX1)        0.28      18.69 r
  data arrival time                                                 18.69

  clock clk (rise edge)                                  20.00      20.00
  clock network delay (ideal)                             0.00      20.00
  core/dec_block/block_w1_reg_reg[28]/CLK (SDFFARX1)      0.00      20.00 r
  library setup time                                     -0.14      19.86
  data required time                                                19.86
  --------------------------------------------------------------------------
  data required time                                                19.86
  data arrival time                                                -18.69
  --------------------------------------------------------------------------
  slack (MET)                                                        1.17


1
