 
****************************************
Report : Scan path
Design : aes
Version: S-2021.06-SP5-3
Date   : Fri May 17 13:08:00 2024
****************************************

========================================
TEST MODE: Internal_scan
VIEW     : Existing DFT
========================================

========================================
AS SPECIFIED BY USER
========================================


========================================
AS BUILT BY insert_dft
========================================

Scan_path    Len   ScanDataIn  ScanDataOut ScanEnable  MasterClock SlaveClock
-----------  ----- ----------- ----------- ----------- ----------- -----------
I 1          996   TEST_SI1    TEST_SO1    TEST_SE     scan_clk    -
I 2          4     TEST_SI2    TEST_SO2    TEST_SE     scan_clk    -
I 3          996   TEST_SI3    TEST_SO3    TEST_SE     scan_clk    -
I 4          995   test_si4    test_so4    TEST_SE     scan_clk    -

1
