     Uncollapsed Stuck Fault Summary Report
 -----------------------------------------------
 fault class                     code   #faults
 ------------------------------  ----  ---------
 Detected                         DT       6533
   detected_by_simulation         DS      (4552)
   detected_by_implication        DI      (1981)
 Possibly detected                PT          0
 Undetectable                     UD       6557
   undetectable-unused            UU       (164)
   undetectable-unobservable      UO         (4)
   undetectable-tied              UT      (3064)
   undetectable-blocked           UB      (2341)
   undetectable-redundant         UR       (984)
 ATPG untestable                  AU          0
 Not detected                     ND        286
   not-controlled                 NC       (286)
 -----------------------------------------------
 total faults                             13376
 test coverage                            95.81%
 fault coverage                           48.84%
 ATPG effectiveness                       97.86%
 -----------------------------------------------
            Pattern Summary Report
 -----------------------------------------------
 #internal patterns                          32
     #basic_scan patterns                    32
 -----------------------------------------------
            CPU Usage Summary Report
 -----------------------------------------------
 Read netlist CPU time                     0.06
 Model build CPU time                      0.03
 DRC CPU time                              0.01
 ATPG CPU time                             0.07
 Pattern compression CPU time              0.00
 Fault Sim CPU time                        0.00
 Good Sim CPU time                         0.00
 Diagnosis CPU time                        0.00
 Analyses CPU time                         0.00
 Write pattern CPU time                    0.00
 Total session CPU time                    0.35
 -----------------------------------------------
             Gate Summary Report
 -----------------------------------------------
 #primitives                               9062
 #primary_inputs                             11
 #primary_outputs                             4
 #DFFs                                      286
    #nonscan                                 10
    #scan                                   276
 #BUFs                                     2081
 #INVs                                     1002
 #ANDs                                     4030
 #NANDs                                      81
 #ORs                                       681
 #NORs                                       90
 #XORs                                       50
 #XNORs                                       3
 #MUXs                                      398
 #BUFZs                                     345
 -----------------------------------------------
 type      depth   gate_id
 -------   -----   -------
 Control       8      9049
 Observe       0         0
 Detect        0         0
