   Uncollapsed Transition Fault Summary Report
 -----------------------------------------------
 fault class                     code   #faults
 ------------------------------  ----  ---------
 Detected                         DT       4756
   detected_by_simulation         DS      (3448)
   detected_by_implication        DI      (1308)
 Possibly detected                PT          0
 Undetectable                     UD       7295
   undetectable-unused            UU       (162)
   undetectable-unobservable      UO         (4)
   undetectable-tied              UT      (3646)
   undetectable-blocked           UB      (3250)
   undetectable-redundant         UR       (233)
 ATPG untestable                  AU        202
   atpg_untestable-not_detected   AN       (202)
 Not detected                     ND         67
   not-observed                   NO        (67)
 -----------------------------------------------
 total faults                             12320
 test coverage                            94.65%
 fault coverage                           38.60%
 ATPG effectiveness                       99.46%
 -----------------------------------------------
            Pattern Summary Report
 -----------------------------------------------
 #internal patterns                          69
     #basic_scan patterns                     1
     #fast_sequential patterns               68
 -----------------------------------------------
            CPU Usage Summary Report
 -----------------------------------------------
 Read netlist CPU time                     0.07
 Model build CPU time                      0.04
 DRC CPU time                              0.03
 ATPG CPU time                             0.05
 Pattern compression CPU time              0.00
 Fault Sim CPU time                        0.00
 Good Sim CPU time                         0.01
 Diagnosis CPU time                        0.00
 Analyses CPU time                         0.00
 Write pattern CPU time                    0.01
 Total session CPU time                    0.39
 -----------------------------------------------
             Gate Summary Report
 -----------------------------------------------
 #primitives                               9146
 #primary_inputs                             53
 #primary_outputs                            47
 #DFFs                                      286
    #nonscan                                 10
    #scan                                   276
 #BUFs                                     2081
 #INVs                                     1001
 #ANDs                                     4030
 #NANDs                                      81
 #ORs                                       681
 #NORs                                       90
 #XORs                                       50
 #XNORs                                       3
 #MUXs                                      398
 #BUFZs                                     345
 -----------------------------------------------
 type      depth   gate_id
 -------   -----   -------
 Control       8      9090
 Observe       0         0
 Detect        0         0
