 
****************************************
Report : Scan path
Design : Risc_16_bit
Version: S-2021.06-SP5-3
Date   : Mon May 20 15:23:35 2024
****************************************

========================================
TEST MODE: Internal_scan
VIEW     : Existing DFT
========================================

========================================
AS SPECIFIED BY USER
========================================


========================================
AS BUILT BY insert_dft
========================================

Scan_path    Len   ScanDataIn  ScanDataOut ScanEnable  MasterClock SlaveClock
-----------  ----- ----------- ----------- ----------- ----------- -----------
I 1          91    TEST_SI1    TEST_SO1    TEST_SE     scan_clk    -
I 2          4     TEST_SI2    TEST_SO2    TEST_SE     scan_clk    -
I 3          91    TEST_SI3    TEST_SO3    TEST_SE     scan_clk    -
I 4          90    TEST_SI4    TEST_SO4    TEST_SE     scan_clk    -

1
