     Uncollapsed Stuck Fault Summary Report
 -----------------------------------------------
 fault class                     code   #faults
 ------------------------------  ----  ---------
 Detected                         DT     148267
   detected_by_simulation         DS    (123577)
   detected_by_implication        DI     (24690)
 Possibly detected                PT          0
 Undetectable                     UD        357
   undetectable-unused            UU       (324)
   undetectable-tied              UT         (4)
   undetectable-blocked           UB         (3)
   undetectable-redundant         UR        (26)
 ATPG untestable                  AU         19
   atpg_untestable-not_detected   AN        (19)
 Not detected                     ND        267
   not-controlled                 NC       (247)
   not-observed                   NO        (20)
 -----------------------------------------------
 total faults                            148910
 test coverage                            99.81%
 fault coverage                           99.57%
 ATPG effectiveness                       99.82%
 -----------------------------------------------
            Pattern Summary Report
 -----------------------------------------------
 #internal patterns                         261
     #basic_scan patterns                   261
 -----------------------------------------------
            CPU Usage Summary Report
 -----------------------------------------------
 Read netlist CPU time                     0.13
 Model build CPU time                      1.30
 DRC CPU time                              0.09
 ATPG CPU time                             1.42
 Pattern compression CPU time              0.00
 Fault Sim CPU time                        0.00
 Good Sim CPU time                         0.03
 Diagnosis CPU time                        0.00
 Analyses CPU time                         0.00
 Write pattern CPU time                    0.21
 Total session CPU time                    4.38
 -----------------------------------------------
             Gate Summary Report
 -----------------------------------------------
 #primitives                             103817
 #primary_inputs                             54
 #primary_outputs                            36
 #DFFs                                     3001
    #nonscan                                 10
    #scan                                  2991
 #BUFs                                    24797
 #INVs                                    10314
 #ANDs                                    48000
 #NANDs                                    1461
 #ORs                                      7040
 #NORs                                      858
 #XORs                                     1416
 #XNORs                                     848
 #MUXs                                     2987
 #BUFZs                                    3005
 -----------------------------------------------
 type      depth   gate_id
 -------   -----   -------
 Control       8    103772
 Observe       0         0
 Detect        0         0
