version: (200506)

available memory: 64M bytes
used memory: 245760 bytes [need 240K bytes if disable swap]

used block: 16 [memory(16) file(0)]
                 [ 8K(14) 64K(2) { total 240K bytes } ]
overhead: (9878) bytes for (16) blocks [Average: (617) bytes/block]

write  => 0(times) 0K(bytes) [0K bytes to file]
read   => 2(times) 93K(bytes) [13K bytes compressed data from file]
access => 549504(times) 4311M(bytes)
          [hit ratio: 99.9996%]

time: write(0) read(0)  unit: second

swap file directory: (/home/vlsilab/sagar_harsh_soham/RISC/symbolic_links/verdiLog)
used swap file number: (4)



swap file manager:
arrSize: (256)
idxCnt: (5)
closeHead: (1)
closeTail: (4)
openCnt: (3)
fid(4): fd(1073741825) fileName(/home/vlsilab/sagar_harsh_soham/RISC/symbolic_links/simv.daidir/kdb.elab++/work.lib++/Risc_16_bit_netlist_scan.v.tdc)
	size(162816) lastModTime(1713941032) curModTime(1713941032)
	mode(rb)	hot(0) cool(2) pos(0)
fid(3): fd(0) fileName(/home/vlsilab/sagar_harsh_soham/RISC/symbolic_links/simv.daidir/kdb.elab++/work.lib++/uvm_custom_install_verdi_recorder.sv.tdc)
	size(14892) lastModTime(1713941031) curModTime(1713941031)
	mode(rb)	hot(0) cool(0) pos(0)
fid(2): fd(37) fileName(/home/vlsilab/sagar_harsh_soham/RISC/symbolic_links/verdiLog/_swap_0001#8323328#49530)
	size(0) lastModTime(0) curModTime(1713941067)
	mode(w+b)	hot(4) cool(1) pos(0)
fid(1): fd(1073741824) fileName(/home/vlsilab/sagar_harsh_soham/RISC/symbolic_links/simv.daidir/kdb.elab++/work.lib++/Risc_16_bit_SA_Internal_scan_parallel_max_tb.v.tdc)
	size(182543) lastModTime(1713941032) curModTime(1713941032)
	mode(rb)	hot(2) cool(0) pos(0)
fid(0): fd(0) fileName(NULL)
	mode(NULL)	hot(0) cool(0) pos(0)
==================================================
mySelf(0x19587dd0) pre(0x1955f280) next((nil))
version(200506)
date(Aug 29 2023 02:36:47)
